[debug] [2026-07-22T15:52:25.009Z] ----------------------------------------------------------------------
[debug] [2026-07-22T15:52:25.011Z] Command:       C:\Y2 Sem 1\C237 Software Application Development\node.exe C:\Users\24045619\AppData\Local\npm-cache\_npx\ba4f1959e38407b5\node_modules\firebase-tools\lib\bin\firebase.js deploy --only hosting --project fireguardcbre
[debug] [2026-07-22T15:52:25.012Z] CLI Version:   15.24.0
[debug] [2026-07-22T15:52:25.012Z] Platform:      win32
[debug] [2026-07-22T15:52:25.012Z] Node Version:  v24.18.0
[debug] [2026-07-22T15:52:25.013Z] Detected Agent: codex_cli
[debug] [2026-07-22T15:52:25.013Z] Time:          Wed Jul 22 2026 23:52:25 GMT+0800 (Singapore Standard Time)
[debug] [2026-07-22T15:52:25.013Z] ----------------------------------------------------------------------
[debug] 
[debug] [2026-07-22T15:52:25.031Z] >>> [apiv2][query] GET https://firebase-public.firebaseio.com/cli.json [none]
[debug] [2026-07-22T15:52:29.984Z] > command requires scopes: ["email","openid","https://www.googleapis.com/auth/cloudplatformprojects.readonly","https://www.googleapis.com/auth/firebase","https://www.googleapis.com/auth/cloud-platform"]
[debug] [2026-07-22T15:52:29.985Z] > authorizing via signed-in user (fypcbre@gmail.com)
[debug] [2026-07-22T15:52:29.985Z] [iam] checking project fireguardcbre for permissions ["firebase.projects.get","firebasehosting.sites.update"]
[debug] [2026-07-22T15:52:29.987Z] Checked if tokens are valid: false, expires at: 1784303159189
[debug] [2026-07-22T15:52:29.988Z] Checked if tokens are valid: false, expires at: 1784303159189
[debug] [2026-07-22T15:52:29.989Z] > refreshing access token with scopes: []
[debug] [2026-07-22T15:52:29.993Z] >>> [apiv2][query] POST https://www.googleapis.com/oauth2/v3/token [none]
[debug] [2026-07-22T15:52:29.993Z] >>> [apiv2][body] POST https://www.googleapis.com/oauth2/v3/token [omitted]
[debug] [2026-07-22T15:52:30.256Z] <<< [apiv2][status] POST https://www.googleapis.com/oauth2/v3/token 200
[debug] [2026-07-22T15:52:30.257Z] <<< [apiv2][body] POST https://www.googleapis.com/oauth2/v3/token [omitted]
[debug] [2026-07-22T15:52:30.293Z] >>> [apiv2][query] POST https://cloudresourcemanager.googleapis.com/v1/projects/fireguardcbre:testIamPermissions [none]
[debug] [2026-07-22T15:52:30.294Z] >>> [apiv2][(partial)header] POST https://cloudresourcemanager.googleapis.com/v1/projects/fireguardcbre:testIamPermissions  x-goog-user-project=fireguardcbre
[debug] [2026-07-22T15:52:30.294Z] >>> [apiv2][body] POST https://cloudresourcemanager.googleapis.com/v1/projects/fireguardcbre:testIamPermissions {"permissions":["firebase.projects.get","firebasehosting.sites.update"]}
[debug] [2026-07-22T15:52:30.622Z] <<< [apiv2][status] GET https://firebase-public.firebaseio.com/cli.json 200
[debug] [2026-07-22T15:52:30.622Z] <<< [apiv2][body] GET https://firebase-public.firebaseio.com/cli.json {"cloudBuildErrorAfter":1594252800000,"cloudBuildWarnAfter":1590019200000,"defaultNode10After":1594252800000,"minVersion":"3.0.5","node8DeploysDisabledAfter":1613390400000,"node8RuntimeDisabledAfter":1615809600000,"node8WarnAfter":1600128000000}
[debug] [2026-07-22T15:52:31.557Z] <<< [apiv2][status] POST https://cloudresourcemanager.googleapis.com/v1/projects/fireguardcbre:testIamPermissions 200
[debug] [2026-07-22T15:52:31.558Z] <<< [apiv2][body] POST https://cloudresourcemanager.googleapis.com/v1/projects/fireguardcbre:testIamPermissions {"permissions":["firebase.projects.get","firebasehosting.sites.update"]}
[debug] [2026-07-22T15:52:31.559Z] Checked if tokens are valid: true, expires at: 1784739149257
[debug] [2026-07-22T15:52:31.560Z] Checked if tokens are valid: true, expires at: 1784739149257
[debug] [2026-07-22T15:52:31.560Z] >>> [apiv2][query] GET https://firebase.googleapis.com/v1beta1/projects/fireguardcbre [none]
[debug] [2026-07-22T15:52:32.067Z] <<< [apiv2][status] GET https://firebase.googleapis.com/v1beta1/projects/fireguardcbre 200
[debug] [2026-07-22T15:52:32.067Z] <<< [apiv2][body] GET https://firebase.googleapis.com/v1beta1/projects/fireguardcbre {"projectId":"fireguardcbre","projectNumber":"1090700840165","displayName":"FireGuardCBRE","name":"projects/fireguardcbre","resources":{"hostingSite":"fireguardcbre"},"state":"ACTIVE","labels":{"firebase":"enabled","firebaseworkflows/environment":"production","firebase/storage-default-bucket":"created"},"etag":"1_88f90dfb-e163-416c-8312-cf691d66a473"}
[info] 
[info] === Deploying to 'fireguardcbre'...
[info] 
[info] i  deploying hosting 
[debug] [2026-07-22T15:52:32.077Z] Checked if tokens are valid: true, expires at: 1784739149257
[debug] [2026-07-22T15:52:32.077Z] Checked if tokens are valid: true, expires at: 1784739149257
[debug] [2026-07-22T15:52:32.078Z] >>> [apiv2][query] GET https://firebasehosting.googleapis.com/v1beta1/projects/fireguardcbre/sites/fireguardcbre [none]
[debug] [2026-07-22T15:52:32.931Z] <<< [apiv2][status] GET https://firebasehosting.googleapis.com/v1beta1/projects/fireguardcbre/sites/fireguardcbre 200
[debug] [2026-07-22T15:52:32.932Z] <<< [apiv2][body] GET https://firebasehosting.googleapis.com/v1beta1/projects/fireguardcbre/sites/fireguardcbre {"name":"projects/fireguardcbre/sites/fireguardcbre","defaultUrl":"https://fireguardcbre.web.app","appId":"1:1090700840165:web:aeb03ac28c5d66fc6c180c","type":"DEFAULT_SITE"}
[debug] [2026-07-22T15:52:32.948Z] Checked if tokens are valid: true, expires at: 1784739149257
[debug] [2026-07-22T15:52:32.948Z] Checked if tokens are valid: true, expires at: 1784739149257
[debug] [2026-07-22T15:52:32.952Z] >>> [apiv2][query] POST https://firebasehosting.googleapis.com/v1beta1/projects/-/sites/fireguardcbre/versions [none]
[debug] [2026-07-22T15:52:32.953Z] >>> [apiv2][body] POST https://firebasehosting.googleapis.com/v1beta1/projects/-/sites/fireguardcbre/versions {"status":"CREATED","labels":{"deployment-tool":"cli-firebase"}}
[debug] [2026-07-22T15:52:34.222Z] <<< [apiv2][status] POST https://firebasehosting.googleapis.com/v1beta1/projects/-/sites/fireguardcbre/versions 200
[debug] [2026-07-22T15:52:34.222Z] <<< [apiv2][body] POST https://firebasehosting.googleapis.com/v1beta1/projects/-/sites/fireguardcbre/versions {"name":"projects/1090700840165/sites/fireguardcbre/versions/04063faa30d2d6a4","status":"CREATED","config":{},"labels":{"deployment-tool":"cli-firebase"}}
[info] i  hosting[fireguardcbre]: beginning deploy... 
[info] i  hosting[fireguardcbre]: found 18 files in build 
[debug] [2026-07-22T15:52:34.265Z] [hosting] uploading with 200 concurrency
[debug] [2026-07-22T15:52:35.229Z] Checked if tokens are valid: true, expires at: 1784739149257
[debug] [2026-07-22T15:52:35.229Z] Checked if tokens are valid: true, expires at: 1784739149257
[debug] [2026-07-22T15:52:35.236Z] [hosting] hash cache [YnVpbGQ] stored for 18 files
[debug] [2026-07-22T15:52:35.237Z] [hosting][hash queue][FINAL] {"max":941,"min":31,"avg":156.88888888888889,"active":0,"complete":18,"success":18,"errored":0,"retried":0,"total":18,"elapsed":965}
[debug] [2026-07-22T15:52:35.238Z] >>> [apiv2][query] POST https://firebasehosting.googleapis.com/v1beta1/projects/1090700840165/sites/fireguardcbre/versions/04063faa30d2d6a4:populateFiles [none]
[debug] [2026-07-22T15:52:35.238Z] >>> [apiv2][body] POST https://firebasehosting.googleapis.com/v1beta1/projects/1090700840165/sites/fireguardcbre/versions/04063faa30d2d6a4:populateFiles {"files":{"/logo192.png":"79e2b749561016bc8af300ea19f48347ceed3cb1a54f48ae456172eca45e08f0","/logo512.png":"212b102aa09e51b3b3e06647e81f7801a61333e171f6582e8124379aabccb41d","/favicon.ico":"27edce7be5922cf0bef7d4136f69b5bfbdd5bf8c13c7b026f71187d41a00aa7d","/robots.txt":"b2090cf9761ef60aa06e4fab97679bd43dfa5e5df073701ead5879d7c68f1ec5","/manifest.json":"583bc705413e233fd29e775b7449d4178c293912035023b98eb9ad92b27ebfb4","/index.html":"944fc3e15c945af3659166d59051201624462f2a27b7d4c57d09670f49e29687","/asset-manifest.json":"3cd4a3e452fd744944f90276e89354846724c8229914b6cb5cbf37b333c5201f","/cbre-logo.svg":"49c3572d871bb22211e4ca0c3237508911511f9ea4570397ade936f9f1e6e6fe","/static/js/main.c820b0ab.js.LICENSE.txt":"e5b4ee6309e0c6831bb445205611d5618063e252f531f0bf4c79872af4ee3ff7","/static/css/main.b368d70a.css":"13055796497a46f38c3f988b1253ce9de2ab1f04858aa4056dd590d57608fd39","/static/css/main.b368d70a.css.map":"1083dfeef5243553079f828b7da1530cd87caff2dbef0f73d0fa58cad020006d","/static/js/main.c820b0ab.js":"0231b8e30d2c902becf0aa170907d570698dda90414c62eafa8d274635179ead","/docx.iife.js":"47788e7634f1aea2ddb08af7284a10404ec77819c7a2c9d05386f690792b740b","/default-profile-avatar.png":"dfa3ad133614dc6ee811e0fd53b81e47890ae2cd894b81547c7e70c7fa23f891","/default-profile-avatar-4.png":"2f80790beb95b18b19f17b93b906a46cf242f790176b480b63e89fc109c18910","/default-profile-avatar-3.png":"819a8714c9adadb1c31e881033daa58c94cf7df75ecadb0f8ae5e127ef52530b","/default-profile-avatar-2.png":"1c40f3ad016e45fdda69dbb5d4bcfcd0801bd85c0e50c79e38bdf43e4b7591ea","/static/js/main.c820b0ab.js.map":"974a355383be7a37c75f6ef863f346c40db6cc9e00fe31c215ce8ad84c11c969"}}
[debug] [2026-07-22T15:52:35.988Z] <<< [apiv2][status] POST https://firebasehosting.googleapis.com/v1beta1/projects/1090700840165/sites/fireguardcbre/versions/04063faa30d2d6a4:populateFiles 200
[debug] [2026-07-22T15:52:35.988Z] <<< [apiv2][body] POST https://firebasehosting.googleapis.com/v1beta1/projects/1090700840165/sites/fireguardcbre/versions/04063faa30d2d6a4:populateFiles {"uploadRequiredHashes":["3cd4a3e452fd744944f90276e89354846724c8229914b6cb5cbf37b333c5201f","49c3572d871bb22211e4ca0c3237508911511f9ea4570397ade936f9f1e6e6fe","dfa3ad133614dc6ee811e0fd53b81e47890ae2cd894b81547c7e70c7fa23f891","13055796497a46f38c3f988b1253ce9de2ab1f04858aa4056dd590d57608fd39","1083dfeef5243553079f828b7da1530cd87caff2dbef0f73d0fa58cad020006d","583bc705413e233fd29e775b7449d4178c293912035023b98eb9ad92b27ebfb4","2f80790beb95b18b19f17b93b906a46cf242f790176b480b63e89fc109c18910","819a8714c9adadb1c31e881033daa58c94cf7df75ecadb0f8ae5e127ef52530b","974a355383be7a37c75f6ef863f346c40db6cc9e00fe31c215ce8ad84c11c969","1c40f3ad016e45fdda69dbb5d4bcfcd0801bd85c0e50c79e38bdf43e4b7591ea","0231b8e30d2c902becf0aa170907d570698dda90414c62eafa8d274635179ead","944fc3e15c945af3659166d59051201624462f2a27b7d4c57d09670f49e29687"],"uploadUrl":"https://upload-firebasehosting.googleapis.com/upload/sites/fireguardcbre/versions/04063faa30d2d6a4/files"}
[debug] [2026-07-22T15:52:35.989Z] Checked if tokens are valid: true, expires at: 1784739149257
[debug] [2026-07-22T15:52:35.989Z] Checked if tokens are valid: true, expires at: 1784739149257
[debug] [2026-07-22T15:52:35.989Z] Checked if tokens are valid: true, expires at: 1784739149257
[debug] [2026-07-22T15:52:35.989Z] Checked if tokens are valid: true, expires at: 1784739149257
[debug] [2026-07-22T15:52:35.989Z] Checked if tokens are valid: true, expires at: 1784739149257
[debug] [2026-07-22T15:52:35.989Z] Checked if tokens are valid: true, expires at: 1784739149257
[debug] [2026-07-22T15:52:35.990Z] Checked if tokens are valid: true, expires at: 1784739149257
[debug] [2026-07-22T15:52:35.990Z] Checked if tokens are valid: true, expires at: 1784739149257
[debug] [2026-07-22T15:52:35.990Z] Checked if tokens are valid: true, expires at: 1784739149257
[debug] [2026-07-22T15:52:35.990Z] Checked if tokens are valid: true, expires at: 1784739149257
[debug] [2026-07-22T15:52:35.991Z] Checked if tokens are valid: true, expires at: 1784739149257
[debug] [2026-07-22T15:52:35.991Z] Checked if tokens are valid: true, expires at: 1784739149257
[debug] [2026-07-22T15:52:35.992Z] Checked if tokens are valid: true, expires at: 1784739149257
[debug] [2026-07-22T15:52:35.992Z] Checked if tokens are valid: true, expires at: 1784739149257
[debug] [2026-07-22T15:52:35.992Z] Checked if tokens are valid: true, expires at: 1784739149257
[debug] [2026-07-22T15:52:35.992Z] Checked if tokens are valid: true, expires at: 1784739149257
[debug] [2026-07-22T15:52:35.993Z] Checked if tokens are valid: true, expires at: 1784739149257
[debug] [2026-07-22T15:52:35.993Z] Checked if tokens are valid: true, expires at: 1784739149257
[debug] [2026-07-22T15:52:35.994Z] Checked if tokens are valid: true, expires at: 1784739149257
[debug] [2026-07-22T15:52:35.995Z] Checked if tokens are valid: true, expires at: 1784739149257
[debug] [2026-07-22T15:52:35.995Z] Checked if tokens are valid: true, expires at: 1784739149257
[debug] [2026-07-22T15:52:35.996Z] Checked if tokens are valid: true, expires at: 1784739149257
[debug] [2026-07-22T15:52:35.996Z] Checked if tokens are valid: true, expires at: 1784739149257
[debug] [2026-07-22T15:52:35.996Z] Checked if tokens are valid: true, expires at: 1784739149257
[debug] [2026-07-22T15:52:35.997Z] >>> [apiv2][query] POST https://upload-firebasehosting.googleapis.com/upload/sites/fireguardcbre/versions/04063faa30d2d6a4/files/3cd4a3e452fd744944f90276e89354846724c8229914b6cb5cbf37b333c5201f [none]
[debug] [2026-07-22T15:52:35.997Z] >>> [apiv2][body] POST https://upload-firebasehosting.googleapis.com/upload/sites/fireguardcbre/versions/04063faa30d2d6a4/files/3cd4a3e452fd744944f90276e89354846724c8229914b6cb5cbf37b333c5201f [stream]
[debug] [2026-07-22T15:52:35.998Z] >>> [apiv2][query] POST https://upload-firebasehosting.googleapis.com/upload/sites/fireguardcbre/versions/04063faa30d2d6a4/files/49c3572d871bb22211e4ca0c3237508911511f9ea4570397ade936f9f1e6e6fe [none]
[debug] [2026-07-22T15:52:35.998Z] >>> [apiv2][body] POST https://upload-firebasehosting.googleapis.com/upload/sites/fireguardcbre/versions/04063faa30d2d6a4/files/49c3572d871bb22211e4ca0c3237508911511f9ea4570397ade936f9f1e6e6fe [stream]
[debug] [2026-07-22T15:52:36.000Z] >>> [apiv2][query] POST https://upload-firebasehosting.googleapis.com/upload/sites/fireguardcbre/versions/04063faa30d2d6a4/files/dfa3ad133614dc6ee811e0fd53b81e47890ae2cd894b81547c7e70c7fa23f891 [none]
[debug] [2026-07-22T15:52:36.000Z] >>> [apiv2][body] POST https://upload-firebasehosting.googleapis.com/upload/sites/fireguardcbre/versions/04063faa30d2d6a4/files/dfa3ad133614dc6ee811e0fd53b81e47890ae2cd894b81547c7e70c7fa23f891 [stream]
[debug] [2026-07-22T15:52:36.001Z] >>> [apiv2][query] POST https://upload-firebasehosting.googleapis.com/upload/sites/fireguardcbre/versions/04063faa30d2d6a4/files/13055796497a46f38c3f988b1253ce9de2ab1f04858aa4056dd590d57608fd39 [none]
[debug] [2026-07-22T15:52:36.001Z] >>> [apiv2][body] POST https://upload-firebasehosting.googleapis.com/upload/sites/fireguardcbre/versions/04063faa30d2d6a4/files/13055796497a46f38c3f988b1253ce9de2ab1f04858aa4056dd590d57608fd39 [stream]
[debug] [2026-07-22T15:52:36.002Z] >>> [apiv2][query] POST https://upload-firebasehosting.googleapis.com/upload/sites/fireguardcbre/versions/04063faa30d2d6a4/files/1083dfeef5243553079f828b7da1530cd87caff2dbef0f73d0fa58cad020006d [none]
[debug] [2026-07-22T15:52:36.002Z] >>> [apiv2][body] POST https://upload-firebasehosting.googleapis.com/upload/sites/fireguardcbre/versions/04063faa30d2d6a4/files/1083dfeef5243553079f828b7da1530cd87caff2dbef0f73d0fa58cad020006d [stream]
[debug] [2026-07-22T15:52:36.004Z] >>> [apiv2][query] POST https://upload-firebasehosting.googleapis.com/upload/sites/fireguardcbre/versions/04063faa30d2d6a4/files/583bc705413e233fd29e775b7449d4178c293912035023b98eb9ad92b27ebfb4 [none]
[debug] [2026-07-22T15:52:36.004Z] >>> [apiv2][body] POST https://upload-firebasehosting.googleapis.com/upload/sites/fireguardcbre/versions/04063faa30d2d6a4/files/583bc705413e233fd29e775b7449d4178c293912035023b98eb9ad92b27ebfb4 [stream]
[debug] [2026-07-22T15:52:36.005Z] >>> [apiv2][query] POST https://upload-firebasehosting.googleapis.com/upload/sites/fireguardcbre/versions/04063faa30d2d6a4/files/2f80790beb95b18b19f17b93b906a46cf242f790176b480b63e89fc109c18910 [none]
[debug] [2026-07-22T15:52:36.006Z] >>> [apiv2][body] POST https://upload-firebasehosting.googleapis.com/upload/sites/fireguardcbre/versions/04063faa30d2d6a4/files/2f80790beb95b18b19f17b93b906a46cf242f790176b480b63e89fc109c18910 [stream]
[debug] [2026-07-22T15:52:36.007Z] >>> [apiv2][query] POST https://upload-firebasehosting.googleapis.com/upload/sites/fireguardcbre/versions/04063faa30d2d6a4/files/819a8714c9adadb1c31e881033daa58c94cf7df75ecadb0f8ae5e127ef52530b [none]
[debug] [2026-07-22T15:52:36.007Z] >>> [apiv2][body] POST https://upload-firebasehosting.googleapis.com/upload/sites/fireguardcbre/versions/04063faa30d2d6a4/files/819a8714c9adadb1c31e881033daa58c94cf7df75ecadb0f8ae5e127ef52530b [stream]
[debug] [2026-07-22T15:52:36.008Z] >>> [apiv2][query] POST https://upload-firebasehosting.googleapis.com/upload/sites/fireguardcbre/versions/04063faa30d2d6a4/files/974a355383be7a37c75f6ef863f346c40db6cc9e00fe31c215ce8ad84c11c969 [none]
[debug] [2026-07-22T15:52:36.008Z] >>> [apiv2][body] POST https://upload-firebasehosting.googleapis.com/upload/sites/fireguardcbre/versions/04063faa30d2d6a4/files/974a355383be7a37c75f6ef863f346c40db6cc9e00fe31c215ce8ad84c11c969 [stream]
[debug] [2026-07-22T15:52:36.009Z] >>> [apiv2][query] POST https://upload-firebasehosting.googleapis.com/upload/sites/fireguardcbre/versions/04063faa30d2d6a4/files/1c40f3ad016e45fdda69dbb5d4bcfcd0801bd85c0e50c79e38bdf43e4b7591ea [none]
[debug] [2026-07-22T15:52:36.009Z] >>> [apiv2][body] POST https://upload-firebasehosting.googleapis.com/upload/sites/fireguardcbre/versions/04063faa30d2d6a4/files/1c40f3ad016e45fdda69dbb5d4bcfcd0801bd85c0e50c79e38bdf43e4b7591ea [stream]
[debug] [2026-07-22T15:52:36.010Z] >>> [apiv2][query] POST https://upload-firebasehosting.googleapis.com/upload/sites/fireguardcbre/versions/04063faa30d2d6a4/files/0231b8e30d2c902becf0aa170907d570698dda90414c62eafa8d274635179ead [none]
[debug] [2026-07-22T15:52:36.010Z] >>> [apiv2][body] POST https://upload-firebasehosting.googleapis.com/upload/sites/fireguardcbre/versions/04063faa30d2d6a4/files/0231b8e30d2c902becf0aa170907d570698dda90414c62eafa8d274635179ead [stream]
[debug] [2026-07-22T15:52:36.011Z] >>> [apiv2][query] POST https://upload-firebasehosting.googleapis.com/upload/sites/fireguardcbre/versions/04063faa30d2d6a4/files/944fc3e15c945af3659166d59051201624462f2a27b7d4c57d09670f49e29687 [none]
[debug] [2026-07-22T15:52:36.011Z] >>> [apiv2][body] POST https://upload-firebasehosting.googleapis.com/upload/sites/fireguardcbre/versions/04063faa30d2d6a4/files/944fc3e15c945af3659166d59051201624462f2a27b7d4c57d09670f49e29687 [stream]
[debug] [2026-07-22T15:52:36.023Z] [hosting][populate queue][FINAL] {"max":768,"min":768,"avg":768,"active":0,"complete":1,"success":1,"errored":0,"retried":0,"total":1,"elapsed":795}
[debug] [2026-07-22T15:52:36.023Z] [hosting] uploads queued: 12
[info] i  hosting: uploading new files [0/12] (0%) 
[debug] [2026-07-22T15:52:37.681Z] <<< [apiv2][status] POST https://upload-firebasehosting.googleapis.com/upload/sites/fireguardcbre/versions/04063faa30d2d6a4/files/583bc705413e233fd29e775b7449d4178c293912035023b98eb9ad92b27ebfb4 200
[debug] [2026-07-22T15:52:37.681Z] <<< [apiv2][body] POST https://upload-firebasehosting.googleapis.com/upload/sites/fireguardcbre/versions/04063faa30d2d6a4/files/583bc705413e233fd29e775b7449d4178c293912035023b98eb9ad92b27ebfb4 [stream]
[debug] [2026-07-22T15:52:37.682Z] <<< [apiv2][status] POST https://upload-firebasehosting.googleapis.com/upload/sites/fireguardcbre/versions/04063faa30d2d6a4/files/13055796497a46f38c3f988b1253ce9de2ab1f04858aa4056dd590d57608fd39 200
[debug] [2026-07-22T15:52:37.682Z] <<< [apiv2][body] POST https://upload-firebasehosting.googleapis.com/upload/sites/fireguardcbre/versions/04063faa30d2d6a4/files/13055796497a46f38c3f988b1253ce9de2ab1f04858aa4056dd590d57608fd39 [stream]
[debug] [2026-07-22T15:52:37.904Z] <<< [apiv2][status] POST https://upload-firebasehosting.googleapis.com/upload/sites/fireguardcbre/versions/04063faa30d2d6a4/files/3cd4a3e452fd744944f90276e89354846724c8229914b6cb5cbf37b333c5201f 200
[debug] [2026-07-22T15:52:37.904Z] <<< [apiv2][body] POST https://upload-firebasehosting.googleapis.com/upload/sites/fireguardcbre/versions/04063faa30d2d6a4/files/3cd4a3e452fd744944f90276e89354846724c8229914b6cb5cbf37b333c5201f [stream]
[debug] [2026-07-22T15:52:37.905Z] <<< [apiv2][status] POST https://upload-firebasehosting.googleapis.com/upload/sites/fireguardcbre/versions/04063faa30d2d6a4/files/49c3572d871bb22211e4ca0c3237508911511f9ea4570397ade936f9f1e6e6fe 200
[debug] [2026-07-22T15:52:37.905Z] <<< [apiv2][body] POST https://upload-firebasehosting.googleapis.com/upload/sites/fireguardcbre/versions/04063faa30d2d6a4/files/49c3572d871bb22211e4ca0c3237508911511f9ea4570397ade936f9f1e6e6fe [stream]
[debug] [2026-07-22T15:52:38.040Z] <<< [apiv2][status] POST https://upload-firebasehosting.googleapis.com/upload/sites/fireguardcbre/versions/04063faa30d2d6a4/files/1083dfeef5243553079f828b7da1530cd87caff2dbef0f73d0fa58cad020006d 200
[debug] [2026-07-22T15:52:38.040Z] <<< [apiv2][body] POST https://upload-firebasehosting.googleapis.com/upload/sites/fireguardcbre/versions/04063faa30d2d6a4/files/1083dfeef5243553079f828b7da1530cd87caff2dbef0f73d0fa58cad020006d [stream]
[debug] [2026-07-22T15:52:38.043Z] <<< [apiv2][status] POST https://upload-firebasehosting.googleapis.com/upload/sites/fireguardcbre/versions/04063faa30d2d6a4/files/944fc3e15c945af3659166d59051201624462f2a27b7d4c57d09670f49e29687 200
[debug] [2026-07-22T15:52:38.043Z] <<< [apiv2][body] POST https://upload-firebasehosting.googleapis.com/upload/sites/fireguardcbre/versions/04063faa30d2d6a4/files/944fc3e15c945af3659166d59051201624462f2a27b7d4c57d09670f49e29687 [stream]
[debug] [2026-07-22T15:52:38.172Z] <<< [apiv2][status] POST https://upload-firebasehosting.googleapis.com/upload/sites/fireguardcbre/versions/04063faa30d2d6a4/files/0231b8e30d2c902becf0aa170907d570698dda90414c62eafa8d274635179ead 200
[debug] [2026-07-22T15:52:38.172Z] <<< [apiv2][body] POST https://upload-firebasehosting.googleapis.com/upload/sites/fireguardcbre/versions/04063faa30d2d6a4/files/0231b8e30d2c902becf0aa170907d570698dda90414c62eafa8d274635179ead [stream]
[info] i  hosting: uploading new files [7/12] (58%) 
[debug] [2026-07-22T15:52:39.572Z] <<< [apiv2][status] POST https://upload-firebasehosting.googleapis.com/upload/sites/fireguardcbre/versions/04063faa30d2d6a4/files/974a355383be7a37c75f6ef863f346c40db6cc9e00fe31c215ce8ad84c11c969 200
[debug] [2026-07-22T15:52:39.572Z] <<< [apiv2][body] POST https://upload-firebasehosting.googleapis.com/upload/sites/fireguardcbre/versions/04063faa30d2d6a4/files/974a355383be7a37c75f6ef863f346c40db6cc9e00fe31c215ce8ad84c11c969 [stream]
[debug] [2026-07-22T15:52:39.674Z] <<< [apiv2][status] POST https://upload-firebasehosting.googleapis.com/upload/sites/fireguardcbre/versions/04063faa30d2d6a4/files/2f80790beb95b18b19f17b93b906a46cf242f790176b480b63e89fc109c18910 200
[debug] [2026-07-22T15:52:39.675Z] <<< [apiv2][body] POST https://upload-firebasehosting.googleapis.com/upload/sites/fireguardcbre/versions/04063faa30d2d6a4/files/2f80790beb95b18b19f17b93b906a46cf242f790176b480b63e89fc109c18910 [stream]
[debug] [2026-07-22T15:52:39.719Z] <<< [apiv2][status] POST https://upload-firebasehosting.googleapis.com/upload/sites/fireguardcbre/versions/04063faa30d2d6a4/files/dfa3ad133614dc6ee811e0fd53b81e47890ae2cd894b81547c7e70c7fa23f891 200
[debug] [2026-07-22T15:52:39.719Z] <<< [apiv2][body] POST https://upload-firebasehosting.googleapis.com/upload/sites/fireguardcbre/versions/04063faa30d2d6a4/files/dfa3ad133614dc6ee811e0fd53b81e47890ae2cd894b81547c7e70c7fa23f891 [stream]
[debug] [2026-07-22T15:52:39.759Z] <<< [apiv2][status] POST https://upload-firebasehosting.googleapis.com/upload/sites/fireguardcbre/versions/04063faa30d2d6a4/files/1c40f3ad016e45fdda69dbb5d4bcfcd0801bd85c0e50c79e38bdf43e4b7591ea 200
[debug] [2026-07-22T15:52:39.759Z] <<< [apiv2][body] POST https://upload-firebasehosting.googleapis.com/upload/sites/fireguardcbre/versions/04063faa30d2d6a4/files/1c40f3ad016e45fdda69dbb5d4bcfcd0801bd85c0e50c79e38bdf43e4b7591ea [stream]
[debug] [2026-07-22T15:52:40.115Z] <<< [apiv2][status] POST https://upload-firebasehosting.googleapis.com/upload/sites/fireguardcbre/versions/04063faa30d2d6a4/files/819a8714c9adadb1c31e881033daa58c94cf7df75ecadb0f8ae5e127ef52530b 200
[debug] [2026-07-22T15:52:40.116Z] <<< [apiv2][body] POST https://upload-firebasehosting.googleapis.com/upload/sites/fireguardcbre/versions/04063faa30d2d6a4/files/819a8714c9adadb1c31e881033daa58c94cf7df75ecadb0f8ae5e127ef52530b [stream]
[debug] [2026-07-22T15:52:40.116Z] [hosting][upload queue][FINAL] {"max":4124,"min":1690,"avg":2697.6666666666665,"active":0,"complete":12,"success":12,"errored":0,"retried":0,"total":12,"elapsed":4128}
[info] i  hosting: upload complete 
[info] +  hosting[fireguardcbre]: file upload complete 
[debug] [2026-07-22T15:52:40.117Z] [hosting] deploy completed after 5886ms
[debug] [2026-07-22T15:52:40.118Z] [
  {
    "config": {
      "public": "build",
      "ignore": [
        "firebase.json",
        "**/.*",
        "/node_modules/"
      ],
      "headers": [
        {
          "source": "**",
          "headers": [
            {
              "key": "Cache-Control",
              "value": "no-cache, no-store, must-revalidate"
            }
          ]
        }
      ],
      "rewrites": [
        {
          "source": "**",
          "destination": "/index.html"
        }
      ],
      "site": "fireguardcbre"
    },
    "version": "projects/1090700840165/sites/fireguardcbre/versions/04063faa30d2d6a4"
  }
]
[info] i  hosting[fireguardcbre]: finalizing version... 
[debug] [2026-07-22T15:52:40.128Z] Checked if tokens are valid: true, expires at: 1784739149257
[debug] [2026-07-22T15:52:40.129Z] Checked if tokens are valid: true, expires at: 1784739149257
[debug] [2026-07-22T15:52:40.130Z] >>> [apiv2][query] PATCH https://firebasehosting.googleapis.com/v1beta1/projects/-/sites/fireguardcbre/versions/04063faa30d2d6a4 updateMask=status%2Cconfig
[debug] [2026-07-22T15:52:40.130Z] >>> [apiv2][body] PATCH https://firebasehosting.googleapis.com/v1beta1/projects/-/sites/fireguardcbre/versions/04063faa30d2d6a4 {"status":"FINALIZED","config":{"rewrites":[{"glob":"**","path":"/index.html"}],"headers":[{"glob":"**","headers":{"Cache-Control":"no-cache, no-store, must-revalidate"}}]}}
[debug] [2026-07-22T15:52:41.107Z] <<< [apiv2][status] PATCH https://firebasehosting.googleapis.com/v1beta1/projects/-/sites/fireguardcbre/versions/04063faa30d2d6a4 200
[debug] [2026-07-22T15:52:41.107Z] <<< [apiv2][body] PATCH https://firebasehosting.googleapis.com/v1beta1/projects/-/sites/fireguardcbre/versions/04063faa30d2d6a4 {"name":"projects/1090700840165/sites/fireguardcbre/versions/04063faa30d2d6a4","status":"FINALIZED","config":{"headers":[{"headers":{"Cache-Control":"no-cache, no-store, must-revalidate"},"glob":"**"}],"rewrites":[{"glob":"**","path":"/index.html"}]},"labels":{"deployment-tool":"cli-firebase"},"createTime":"2026-07-22T15:52:33.338482Z","createUser":{"email":"fypcbre@gmail.com"},"finalizeTime":"2026-07-22T15:52:40.889988Z","finalizeUser":{"email":"fypcbre@gmail.com"}}
[debug] [2026-07-22T15:52:41.108Z] [hosting] finalized version for fireguardcbre:[object Object]
[info] +  hosting[fireguardcbre]: version finalized 
[info] i  hosting[fireguardcbre]: releasing new version... 
[debug] [2026-07-22T15:52:41.109Z] Checked if tokens are valid: true, expires at: 1784739149257
[debug] [2026-07-22T15:52:41.110Z] Checked if tokens are valid: true, expires at: 1784739149257
[debug] [2026-07-22T15:52:41.111Z] >>> [apiv2][query] POST https://firebasehosting.googleapis.com/v1beta1/projects/-/sites/fireguardcbre/channels/live/releases versionName=projects%2F1090700840165%2Fsites%2Ffireguardcbre%2Fversions%2F04063faa30d2d6a4
[debug] [2026-07-22T15:52:41.111Z] >>> [apiv2][body] POST https://firebasehosting.googleapis.com/v1beta1/projects/-/sites/fireguardcbre/channels/live/releases {}
[debug] [2026-07-22T15:52:41.929Z] <<< [apiv2][status] POST https://firebasehosting.googleapis.com/v1beta1/projects/-/sites/fireguardcbre/channels/live/releases 200
[debug] [2026-07-22T15:52:41.929Z] <<< [apiv2][body] POST https://firebasehosting.googleapis.com/v1beta1/projects/-/sites/fireguardcbre/channels/live/releases {"name":"projects/1090700840165/sites/fireguardcbre/channels/live/releases/1784735561017000","version":{"name":"projects/1090700840165/sites/fireguardcbre/versions/04063faa30d2d6a4","status":"FINALIZED","config":{"headers":[{"headers":{"Cache-Control":"no-cache, no-store, must-revalidate"},"glob":"**"}],"rewrites":[{"glob":"**","path":"/index.html"}]},"labels":{"deployment-tool":"cli-firebase"},"createTime":"2026-07-22T15:52:33.338482Z","createUser":{"email":"fypcbre@gmail.com","imageUrl":"https://lh3.googleusercontent.com/a/ACg8ocLiNsqgHdZ6cU9nqCA5tYNFQamRvVsVSYnydv4SYxj2KTD_7g=mo"},"finalizeTime":"2026-07-22T15:52:40.889988Z","finalizeUser":{"email":"fypcbre@gmail.com","imageUrl":"https://lh3.googleusercontent.com/a/ACg8ocLiNsqgHdZ6cU9nqCA5tYNFQamRvVsVSYnydv4SYxj2KTD_7g=mo"}},"type":"DEPLOY","releaseTime":"2026-07-22T15:52:41.017Z","releaseUser":{"email":"fypcbre@gmail.com","imageUrl":"https://lh3.googleusercontent.com/a/ACg8ocLiNsqgHdZ6cU9nqCA5tYNFQamRvVsVSYnydv4SYxj2KTD_7g=mo"}}
[debug] [2026-07-22T15:52:41.930Z] [hosting] release: {"name":"projects/1090700840165/sites/fireguardcbre/channels/live/releases/1784735561017000","version":{"name":"projects/1090700840165/sites/fireguardcbre/versions/04063faa30d2d6a4","status":"FINALIZED","config":{"headers":[{"headers":{"Cache-Control":"no-cache, no-store, must-revalidate"},"glob":"**"}],"rewrites":[{"glob":"**","path":"/index.html"}]},"labels":{"deployment-tool":"cli-firebase"},"createTime":"2026-07-22T15:52:33.338482Z","createUser":{"email":"fypcbre@gmail.com","imageUrl":"https://lh3.googleusercontent.com/a/ACg8ocLiNsqgHdZ6cU9nqCA5tYNFQamRvVsVSYnydv4SYxj2KTD_7g=mo"},"finalizeTime":"2026-07-22T15:52:40.889988Z","finalizeUser":{"email":"fypcbre@gmail.com","imageUrl":"https://lh3.googleusercontent.com/a/ACg8ocLiNsqgHdZ6cU9nqCA5tYNFQamRvVsVSYnydv4SYxj2KTD_7g=mo"}},"type":"DEPLOY","releaseTime":"2026-07-22T15:52:41.017Z","releaseUser":{"email":"fypcbre@gmail.com","imageUrl":"https://lh3.googleusercontent.com/a/ACg8ocLiNsqgHdZ6cU9nqCA5tYNFQamRvVsVSYnydv4SYxj2KTD_7g=mo"}}
[info] +  hosting[fireguardcbre]: release complete 
[info] 
[info] +  Deploy complete! 
[info] 
[info] Project Console: https://console.firebase.google.com/project/fireguardcbre/overview
[info] Hosting URL: https://fireguardcbre.web.app
[debug] [2026-07-22T16:10:19.198Z] ----------------------------------------------------------------------
[debug] [2026-07-22T16:10:19.202Z] Command:       C:\Y2 Sem 1\C237 Software Application Development\node.exe C:\Users\24045619\AppData\Local\npm-cache\_npx\ba4f1959e38407b5\node_modules\firebase-tools\lib\bin\firebase.js deploy --only hosting --project fireguardcbre
[debug] [2026-07-22T16:10:19.203Z] CLI Version:   15.24.0
[debug] [2026-07-22T16:10:19.203Z] Platform:      win32
[debug] [2026-07-22T16:10:19.205Z] Node Version:  v24.18.0
[debug] [2026-07-22T16:10:19.205Z] Detected Agent: codex_cli
[debug] [2026-07-22T16:10:19.206Z] Time:          Thu Jul 23 2026 00:10:19 GMT+0800 (Singapore Standard Time)
[debug] [2026-07-22T16:10:19.206Z] ----------------------------------------------------------------------
[debug] 
[debug] [2026-07-22T16:10:38.886Z] > command requires scopes: ["email","openid","https://www.googleapis.com/auth/cloudplatformprojects.readonly","https://www.googleapis.com/auth/firebase","https://www.googleapis.com/auth/cloud-platform"]
[debug] [2026-07-22T16:10:38.886Z] > authorizing via signed-in user (fypcbre@gmail.com)
[debug] [2026-07-22T16:10:38.887Z] [iam] checking project fireguardcbre for permissions ["firebase.projects.get","firebasehosting.sites.update"]
[debug] [2026-07-22T16:10:38.909Z] Checked if tokens are valid: true, expires at: 1784739149257
[debug] [2026-07-22T16:10:38.909Z] Checked if tokens are valid: true, expires at: 1784739149257
[debug] [2026-07-22T16:10:38.911Z] >>> [apiv2][query] POST https://cloudresourcemanager.googleapis.com/v1/projects/fireguardcbre:testIamPermissions [none]
[debug] [2026-07-22T16:10:38.911Z] >>> [apiv2][(partial)header] POST https://cloudresourcemanager.googleapis.com/v1/projects/fireguardcbre:testIamPermissions  x-goog-user-project=fireguardcbre
[debug] [2026-07-22T16:10:38.911Z] >>> [apiv2][body] POST https://cloudresourcemanager.googleapis.com/v1/projects/fireguardcbre:testIamPermissions {"permissions":["firebase.projects.get","firebasehosting.sites.update"]}
[debug] [2026-07-22T16:10:40.212Z] <<< [apiv2][status] POST https://cloudresourcemanager.googleapis.com/v1/projects/fireguardcbre:testIamPermissions 200
[debug] [2026-07-22T16:10:40.213Z] <<< [apiv2][body] POST https://cloudresourcemanager.googleapis.com/v1/projects/fireguardcbre:testIamPermissions {"permissions":["firebase.projects.get","firebasehosting.sites.update"]}
[debug] [2026-07-22T16:10:40.214Z] Checked if tokens are valid: true, expires at: 1784739149257
[debug] [2026-07-22T16:10:40.215Z] Checked if tokens are valid: true, expires at: 1784739149257
[debug] [2026-07-22T16:10:40.215Z] >>> [apiv2][query] GET https://firebase.googleapis.com/v1beta1/projects/fireguardcbre [none]
[debug] [2026-07-22T16:10:40.819Z] <<< [apiv2][status] GET https://firebase.googleapis.com/v1beta1/projects/fireguardcbre 200
[debug] [2026-07-22T16:10:40.819Z] <<< [apiv2][body] GET https://firebase.googleapis.com/v1beta1/projects/fireguardcbre {"projectId":"fireguardcbre","projectNumber":"1090700840165","displayName":"FireGuardCBRE","name":"projects/fireguardcbre","resources":{"hostingSite":"fireguardcbre"},"state":"ACTIVE","labels":{"firebase":"enabled","firebaseworkflows/environment":"production","firebase/storage-default-bucket":"created"},"etag":"1_88f90dfb-e163-416c-8312-cf691d66a473"}
[info] 
[info] === Deploying to 'fireguardcbre'...
[info] 
[info] i  deploying hosting 
[debug] [2026-07-22T16:10:40.826Z] Checked if tokens are valid: true, expires at: 1784739149257
[debug] [2026-07-22T16:10:40.826Z] Checked if tokens are valid: true, expires at: 1784739149257
[debug] [2026-07-22T16:10:40.826Z] >>> [apiv2][query] GET https://firebasehosting.googleapis.com/v1beta1/projects/fireguardcbre/sites/fireguardcbre [none]
[debug] [2026-07-22T16:10:41.736Z] <<< [apiv2][status] GET https://firebasehosting.googleapis.com/v1beta1/projects/fireguardcbre/sites/fireguardcbre 200
[debug] [2026-07-22T16:10:41.737Z] <<< [apiv2][body] GET https://firebasehosting.googleapis.com/v1beta1/projects/fireguardcbre/sites/fireguardcbre {"name":"projects/fireguardcbre/sites/fireguardcbre","defaultUrl":"https://fireguardcbre.web.app","appId":"1:1090700840165:web:aeb03ac28c5d66fc6c180c","type":"DEFAULT_SITE"}
[debug] [2026-07-22T16:10:41.747Z] Checked if tokens are valid: true, expires at: 1784739149257
[debug] [2026-07-22T16:10:41.747Z] Checked if tokens are valid: true, expires at: 1784739149257
[debug] [2026-07-22T16:10:41.752Z] >>> [apiv2][query] POST https://firebasehosting.googleapis.com/v1beta1/projects/-/sites/fireguardcbre/versions [none]
[debug] [2026-07-22T16:10:41.752Z] >>> [apiv2][body] POST https://firebasehosting.googleapis.com/v1beta1/projects/-/sites/fireguardcbre/versions {"status":"CREATED","labels":{"deployment-tool":"cli-firebase"}}
[debug] [2026-07-22T16:10:42.873Z] <<< [apiv2][status] POST https://firebasehosting.googleapis.com/v1beta1/projects/-/sites/fireguardcbre/versions 200
[debug] [2026-07-22T16:10:42.874Z] <<< [apiv2][body] POST https://firebasehosting.googleapis.com/v1beta1/projects/-/sites/fireguardcbre/versions {"name":"projects/1090700840165/sites/fireguardcbre/versions/efb0232f1838fe92","status":"CREATED","config":{},"labels":{"deployment-tool":"cli-firebase"}}
[info] i  hosting[fireguardcbre]: beginning deploy... 
[info] i  hosting[fireguardcbre]: found 18 files in build 
[debug] [2026-07-22T16:10:42.917Z] [hosting] uploading with 200 concurrency
[debug] [2026-07-22T16:10:44.094Z] Checked if tokens are valid: true, expires at: 1784739149257
[debug] [2026-07-22T16:10:44.095Z] Checked if tokens are valid: true, expires at: 1784739149257
[debug] [2026-07-22T16:10:44.099Z] [hosting] hash cache [YnVpbGQ] stored for 18 files
[debug] [2026-07-22T16:10:44.100Z] [hosting][hash queue][FINAL] {"max":1161,"min":5,"avg":85.5,"active":0,"complete":18,"success":18,"errored":0,"retried":0,"total":18,"elapsed":1174}
[debug] [2026-07-22T16:10:44.101Z] >>> [apiv2][query] POST https://firebasehosting.googleapis.com/v1beta1/projects/1090700840165/sites/fireguardcbre/versions/efb0232f1838fe92:populateFiles [none]
[debug] [2026-07-22T16:10:44.101Z] >>> [apiv2][body] POST https://firebasehosting.googleapis.com/v1beta1/projects/1090700840165/sites/fireguardcbre/versions/efb0232f1838fe92:populateFiles {"files":{"/robots.txt":"b2090cf9761ef60aa06e4fab97679bd43dfa5e5df073701ead5879d7c68f1ec5","/manifest.json":"583bc705413e233fd29e775b7449d4178c293912035023b98eb9ad92b27ebfb4","/logo512.png":"212b102aa09e51b3b3e06647e81f7801a61333e171f6582e8124379aabccb41d","/logo192.png":"79e2b749561016bc8af300ea19f48347ceed3cb1a54f48ae456172eca45e08f0","/favicon.ico":"27edce7be5922cf0bef7d4136f69b5bfbdd5bf8c13c7b026f71187d41a00aa7d","/docx.iife.js":"47788e7634f1aea2ddb08af7284a10404ec77819c7a2c9d05386f690792b740b","/default-profile-avatar.png":"dfa3ad133614dc6ee811e0fd53b81e47890ae2cd894b81547c7e70c7fa23f891","/default-profile-avatar-4.png":"2f80790beb95b18b19f17b93b906a46cf242f790176b480b63e89fc109c18910","/default-profile-avatar-3.png":"819a8714c9adadb1c31e881033daa58c94cf7df75ecadb0f8ae5e127ef52530b","/default-profile-avatar-2.png":"1c40f3ad016e45fdda69dbb5d4bcfcd0801bd85c0e50c79e38bdf43e4b7591ea","/cbre-logo.svg":"49c3572d871bb22211e4ca0c3237508911511f9ea4570397ade936f9f1e6e6fe","/asset-manifest.json":"24a0324cb49a1a4af69362b04ff968b4cd7624e87087cd29f8516692016c4af2","/static/js/main.db092f2a.js.LICENSE.txt":"e5b4ee6309e0c6831bb445205611d5618063e252f531f0bf4c79872af4ee3ff7","/index.html":"a21d69210b4cb7d36ee5a7cd90a7a727746cc2165835963b8924457c3e557c29","/static/css/main.e4a6be39.css":"8676f531266bffd5cdcec70f0b24c98966f30706c2ebc38adfe1559af1893d93","/static/css/main.e4a6be39.css.map":"cec87cd2c9d2442a572eefe8690c279aa6451b6d71a98fbb72889587d91d150d","/static/js/main.db092f2a.js":"92a1d49d6de5d3b119d64d85039f32f800170a9101a12143f9ca9dffb50a823d","/static/js/main.db092f2a.js.map":"e313829b7761b67b08bb8b5c3c766b25b5cc2f41717830ffbe7eb899965f509e"}}
[debug] [2026-07-22T16:10:44.923Z] <<< [apiv2][status] POST https://firebasehosting.googleapis.com/v1beta1/projects/1090700840165/sites/fireguardcbre/versions/efb0232f1838fe92:populateFiles 200
[debug] [2026-07-22T16:10:44.923Z] <<< [apiv2][body] POST https://firebasehosting.googleapis.com/v1beta1/projects/1090700840165/sites/fireguardcbre/versions/efb0232f1838fe92:populateFiles {"uploadRequiredHashes":["cec87cd2c9d2442a572eefe8690c279aa6451b6d71a98fbb72889587d91d150d","92a1d49d6de5d3b119d64d85039f32f800170a9101a12143f9ca9dffb50a823d","e313829b7761b67b08bb8b5c3c766b25b5cc2f41717830ffbe7eb899965f509e","8676f531266bffd5cdcec70f0b24c98966f30706c2ebc38adfe1559af1893d93","24a0324cb49a1a4af69362b04ff968b4cd7624e87087cd29f8516692016c4af2","a21d69210b4cb7d36ee5a7cd90a7a727746cc2165835963b8924457c3e557c29"],"uploadUrl":"https://upload-firebasehosting.googleapis.com/upload/sites/fireguardcbre/versions/efb0232f1838fe92/files"}
[debug] [2026-07-22T16:10:44.925Z] Checked if tokens are valid: true, expires at: 1784739149257
[debug] [2026-07-22T16:10:44.925Z] Checked if tokens are valid: true, expires at: 1784739149257
[debug] [2026-07-22T16:10:44.926Z] Checked if tokens are valid: true, expires at: 1784739149257
[debug] [2026-07-22T16:10:44.926Z] Checked if tokens are valid: true, expires at: 1784739149257
[debug] [2026-07-22T16:10:44.927Z] Checked if tokens are valid: true, expires at: 1784739149257
[debug] [2026-07-22T16:10:44.927Z] Checked if tokens are valid: true, expires at: 1784739149257
[debug] [2026-07-22T16:10:44.927Z] Checked if tokens are valid: true, expires at: 1784739149257
[debug] [2026-07-22T16:10:44.928Z] Checked if tokens are valid: true, expires at: 1784739149257
[debug] [2026-07-22T16:10:44.928Z] Checked if tokens are valid: true, expires at: 1784739149257
[debug] [2026-07-22T16:10:44.929Z] Checked if tokens are valid: true, expires at: 1784739149257
[debug] [2026-07-22T16:10:44.929Z] Checked if tokens are valid: true, expires at: 1784739149257
[debug] [2026-07-22T16:10:44.929Z] Checked if tokens are valid: true, expires at: 1784739149257
[debug] [2026-07-22T16:10:44.930Z] >>> [apiv2][query] POST https://upload-firebasehosting.googleapis.com/upload/sites/fireguardcbre/versions/efb0232f1838fe92/files/cec87cd2c9d2442a572eefe8690c279aa6451b6d71a98fbb72889587d91d150d [none]
[debug] [2026-07-22T16:10:44.930Z] >>> [apiv2][body] POST https://upload-firebasehosting.googleapis.com/upload/sites/fireguardcbre/versions/efb0232f1838fe92/files/cec87cd2c9d2442a572eefe8690c279aa6451b6d71a98fbb72889587d91d150d [stream]
[debug] [2026-07-22T16:10:44.935Z] >>> [apiv2][query] POST https://upload-firebasehosting.googleapis.com/upload/sites/fireguardcbre/versions/efb0232f1838fe92/files/92a1d49d6de5d3b119d64d85039f32f800170a9101a12143f9ca9dffb50a823d [none]
[debug] [2026-07-22T16:10:44.936Z] >>> [apiv2][body] POST https://upload-firebasehosting.googleapis.com/upload/sites/fireguardcbre/versions/efb0232f1838fe92/files/92a1d49d6de5d3b119d64d85039f32f800170a9101a12143f9ca9dffb50a823d [stream]
[debug] [2026-07-22T16:10:44.937Z] >>> [apiv2][query] POST https://upload-firebasehosting.googleapis.com/upload/sites/fireguardcbre/versions/efb0232f1838fe92/files/e313829b7761b67b08bb8b5c3c766b25b5cc2f41717830ffbe7eb899965f509e [none]
[debug] [2026-07-22T16:10:44.937Z] >>> [apiv2][body] POST https://upload-firebasehosting.googleapis.com/upload/sites/fireguardcbre/versions/efb0232f1838fe92/files/e313829b7761b67b08bb8b5c3c766b25b5cc2f41717830ffbe7eb899965f509e [stream]
[debug] [2026-07-22T16:10:44.938Z] >>> [apiv2][query] POST https://upload-firebasehosting.googleapis.com/upload/sites/fireguardcbre/versions/efb0232f1838fe92/files/8676f531266bffd5cdcec70f0b24c98966f30706c2ebc38adfe1559af1893d93 [none]
[debug] [2026-07-22T16:10:44.939Z] >>> [apiv2][body] POST https://upload-firebasehosting.googleapis.com/upload/sites/fireguardcbre/versions/efb0232f1838fe92/files/8676f531266bffd5cdcec70f0b24c98966f30706c2ebc38adfe1559af1893d93 [stream]
[debug] [2026-07-22T16:10:44.940Z] >>> [apiv2][query] POST https://upload-firebasehosting.googleapis.com/upload/sites/fireguardcbre/versions/efb0232f1838fe92/files/24a0324cb49a1a4af69362b04ff968b4cd7624e87087cd29f8516692016c4af2 [none]
[debug] [2026-07-22T16:10:44.940Z] >>> [apiv2][body] POST https://upload-firebasehosting.googleapis.com/upload/sites/fireguardcbre/versions/efb0232f1838fe92/files/24a0324cb49a1a4af69362b04ff968b4cd7624e87087cd29f8516692016c4af2 [stream]
[debug] [2026-07-22T16:10:44.941Z] >>> [apiv2][query] POST https://upload-firebasehosting.googleapis.com/upload/sites/fireguardcbre/versions/efb0232f1838fe92/files/a21d69210b4cb7d36ee5a7cd90a7a727746cc2165835963b8924457c3e557c29 [none]
[debug] [2026-07-22T16:10:44.942Z] >>> [apiv2][body] POST https://upload-firebasehosting.googleapis.com/upload/sites/fireguardcbre/versions/efb0232f1838fe92/files/a21d69210b4cb7d36ee5a7cd90a7a727746cc2165835963b8924457c3e557c29 [stream]
[debug] [2026-07-22T16:10:44.953Z] [hosting][populate queue][FINAL] {"max":835,"min":835,"avg":835,"active":0,"complete":1,"success":1,"errored":0,"retried":0,"total":1,"elapsed":859}
[debug] [2026-07-22T16:10:44.953Z] [hosting] uploads queued: 6
[info] i  hosting: uploading new files [0/6] (0%) 
[debug] [2026-07-22T16:10:46.701Z] <<< [apiv2][status] POST https://upload-firebasehosting.googleapis.com/upload/sites/fireguardcbre/versions/efb0232f1838fe92/files/a21d69210b4cb7d36ee5a7cd90a7a727746cc2165835963b8924457c3e557c29 200
[debug] [2026-07-22T16:10:46.702Z] <<< [apiv2][body] POST https://upload-firebasehosting.googleapis.com/upload/sites/fireguardcbre/versions/efb0232f1838fe92/files/a21d69210b4cb7d36ee5a7cd90a7a727746cc2165835963b8924457c3e557c29 [stream]
[debug] [2026-07-22T16:10:46.837Z] <<< [apiv2][status] POST https://upload-firebasehosting.googleapis.com/upload/sites/fireguardcbre/versions/efb0232f1838fe92/files/8676f531266bffd5cdcec70f0b24c98966f30706c2ebc38adfe1559af1893d93 200
[debug] [2026-07-22T16:10:46.838Z] <<< [apiv2][body] POST https://upload-firebasehosting.googleapis.com/upload/sites/fireguardcbre/versions/efb0232f1838fe92/files/8676f531266bffd5cdcec70f0b24c98966f30706c2ebc38adfe1559af1893d93 [stream]
[debug] [2026-07-22T16:10:46.842Z] <<< [apiv2][status] POST https://upload-firebasehosting.googleapis.com/upload/sites/fireguardcbre/versions/efb0232f1838fe92/files/24a0324cb49a1a4af69362b04ff968b4cd7624e87087cd29f8516692016c4af2 200
[debug] [2026-07-22T16:10:46.842Z] <<< [apiv2][body] POST https://upload-firebasehosting.googleapis.com/upload/sites/fireguardcbre/versions/efb0232f1838fe92/files/24a0324cb49a1a4af69362b04ff968b4cd7624e87087cd29f8516692016c4af2 [stream]
[debug] [2026-07-22T16:10:46.929Z] <<< [apiv2][status] POST https://upload-firebasehosting.googleapis.com/upload/sites/fireguardcbre/versions/efb0232f1838fe92/files/92a1d49d6de5d3b119d64d85039f32f800170a9101a12143f9ca9dffb50a823d 200
[debug] [2026-07-22T16:10:46.930Z] <<< [apiv2][body] POST https://upload-firebasehosting.googleapis.com/upload/sites/fireguardcbre/versions/efb0232f1838fe92/files/92a1d49d6de5d3b119d64d85039f32f800170a9101a12143f9ca9dffb50a823d [stream]
[debug] [2026-07-22T16:10:46.946Z] <<< [apiv2][status] POST https://upload-firebasehosting.googleapis.com/upload/sites/fireguardcbre/versions/efb0232f1838fe92/files/cec87cd2c9d2442a572eefe8690c279aa6451b6d71a98fbb72889587d91d150d 200
[debug] [2026-07-22T16:10:46.947Z] <<< [apiv2][body] POST https://upload-firebasehosting.googleapis.com/upload/sites/fireguardcbre/versions/efb0232f1838fe92/files/cec87cd2c9d2442a572eefe8690c279aa6451b6d71a98fbb72889587d91d150d [stream]
[info] i  hosting: uploading new files [5/6] (83%) 
[debug] [2026-07-22T16:10:47.537Z] <<< [apiv2][status] POST https://upload-firebasehosting.googleapis.com/upload/sites/fireguardcbre/versions/efb0232f1838fe92/files/e313829b7761b67b08bb8b5c3c766b25b5cc2f41717830ffbe7eb899965f509e 200
[debug] [2026-07-22T16:10:47.537Z] <<< [apiv2][body] POST https://upload-firebasehosting.googleapis.com/upload/sites/fireguardcbre/versions/efb0232f1838fe92/files/e313829b7761b67b08bb8b5c3c766b25b5cc2f41717830ffbe7eb899965f509e [stream]
[debug] [2026-07-22T16:10:47.538Z] [hosting][upload queue][FINAL] {"max":2611,"min":1773,"avg":2039.5,"active":0,"complete":6,"success":6,"errored":0,"retried":0,"total":6,"elapsed":2614}
[info] i  hosting: upload complete 
[info] +  hosting[fireguardcbre]: file upload complete 
[debug] [2026-07-22T16:10:47.538Z] [hosting] deploy completed after 4658ms
[debug] [2026-07-22T16:10:47.539Z] [
  {
    "config": {
      "public": "build",
      "ignore": [
        "firebase.json",
        "**/.*",
        "/node_modules/"
      ],
      "headers": [
        {
          "source": "**",
          "headers": [
            {
              "key": "Cache-Control",
              "value": "no-cache, no-store, must-revalidate"
            }
          ]
        }
      ],
      "rewrites": [
        {
          "source": "**",
          "destination": "/index.html"
        }
      ],
      "site": "fireguardcbre"
    },
    "version": "projects/1090700840165/sites/fireguardcbre/versions/efb0232f1838fe92"
  }
]
[info] i  hosting[fireguardcbre]: finalizing version... 
[debug] [2026-07-22T16:10:47.543Z] Checked if tokens are valid: true, expires at: 1784739149257
[debug] [2026-07-22T16:10:47.543Z] Checked if tokens are valid: true, expires at: 1784739149257
[debug] [2026-07-22T16:10:47.544Z] >>> [apiv2][query] PATCH https://firebasehosting.googleapis.com/v1beta1/projects/-/sites/fireguardcbre/versions/efb0232f1838fe92 updateMask=status%2Cconfig
[debug] [2026-07-22T16:10:47.544Z] >>> [apiv2][body] PATCH https://firebasehosting.googleapis.com/v1beta1/projects/-/sites/fireguardcbre/versions/efb0232f1838fe92 {"status":"FINALIZED","config":{"rewrites":[{"glob":"**","path":"/index.html"}],"headers":[{"glob":"**","headers":{"Cache-Control":"no-cache, no-store, must-revalidate"}}]}}
[debug] [2026-07-22T16:10:48.277Z] <<< [apiv2][status] PATCH https://firebasehosting.googleapis.com/v1beta1/projects/-/sites/fireguardcbre/versions/efb0232f1838fe92 200
[debug] [2026-07-22T16:10:48.278Z] <<< [apiv2][body] PATCH https://firebasehosting.googleapis.com/v1beta1/projects/-/sites/fireguardcbre/versions/efb0232f1838fe92 {"name":"projects/1090700840165/sites/fireguardcbre/versions/efb0232f1838fe92","status":"FINALIZED","config":{"headers":[{"headers":{"Cache-Control":"no-cache, no-store, must-revalidate"},"glob":"**"}],"rewrites":[{"glob":"**","path":"/index.html"}]},"labels":{"deployment-tool":"cli-firebase"},"createTime":"2026-07-22T16:10:42.068492Z","createUser":{"email":"fypcbre@gmail.com"},"finalizeTime":"2026-07-22T16:10:48.058840Z","finalizeUser":{"email":"fypcbre@gmail.com"}}
[debug] [2026-07-22T16:10:48.278Z] [hosting] finalized version for fireguardcbre:[object Object]
[info] +  hosting[fireguardcbre]: version finalized 
[info] i  hosting[fireguardcbre]: releasing new version... 
[debug] [2026-07-22T16:10:48.281Z] Checked if tokens are valid: true, expires at: 1784739149257
[debug] [2026-07-22T16:10:48.282Z] Checked if tokens are valid: true, expires at: 1784739149257
[debug] [2026-07-22T16:10:48.283Z] >>> [apiv2][query] POST https://firebasehosting.googleapis.com/v1beta1/projects/-/sites/fireguardcbre/channels/live/releases versionName=projects%2F1090700840165%2Fsites%2Ffireguardcbre%2Fversions%2Fefb0232f1838fe92
[debug] [2026-07-22T16:10:48.284Z] >>> [apiv2][body] POST https://firebasehosting.googleapis.com/v1beta1/projects/-/sites/fireguardcbre/channels/live/releases {}
[debug] [2026-07-22T16:10:49.101Z] <<< [apiv2][status] POST https://firebasehosting.googleapis.com/v1beta1/projects/-/sites/fireguardcbre/channels/live/releases 200
[debug] [2026-07-22T16:10:49.102Z] <<< [apiv2][body] POST https://firebasehosting.googleapis.com/v1beta1/projects/-/sites/fireguardcbre/channels/live/releases {"name":"projects/1090700840165/sites/fireguardcbre/channels/live/releases/1784736648191000","version":{"name":"projects/1090700840165/sites/fireguardcbre/versions/efb0232f1838fe92","status":"FINALIZED","config":{"headers":[{"headers":{"Cache-Control":"no-cache, no-store, must-revalidate"},"glob":"**"}],"rewrites":[{"glob":"**","path":"/index.html"}]},"labels":{"deployment-tool":"cli-firebase"},"createTime":"2026-07-22T16:10:42.068492Z","createUser":{"email":"fypcbre@gmail.com","imageUrl":"https://lh3.googleusercontent.com/a/ACg8ocLiNsqgHdZ6cU9nqCA5tYNFQamRvVsVSYnydv4SYxj2KTD_7g=mo"},"finalizeTime":"2026-07-22T16:10:48.058840Z","finalizeUser":{"email":"fypcbre@gmail.com","imageUrl":"https://lh3.googleusercontent.com/a/ACg8ocLiNsqgHdZ6cU9nqCA5tYNFQamRvVsVSYnydv4SYxj2KTD_7g=mo"}},"type":"DEPLOY","releaseTime":"2026-07-22T16:10:48.191Z","releaseUser":{"email":"fypcbre@gmail.com","imageUrl":"https://lh3.googleusercontent.com/a/ACg8ocLiNsqgHdZ6cU9nqCA5tYNFQamRvVsVSYnydv4SYxj2KTD_7g=mo"}}
[debug] [2026-07-22T16:10:49.102Z] [hosting] release: {"name":"projects/1090700840165/sites/fireguardcbre/channels/live/releases/1784736648191000","version":{"name":"projects/1090700840165/sites/fireguardcbre/versions/efb0232f1838fe92","status":"FINALIZED","config":{"headers":[{"headers":{"Cache-Control":"no-cache, no-store, must-revalidate"},"glob":"**"}],"rewrites":[{"glob":"**","path":"/index.html"}]},"labels":{"deployment-tool":"cli-firebase"},"createTime":"2026-07-22T16:10:42.068492Z","createUser":{"email":"fypcbre@gmail.com","imageUrl":"https://lh3.googleusercontent.com/a/ACg8ocLiNsqgHdZ6cU9nqCA5tYNFQamRvVsVSYnydv4SYxj2KTD_7g=mo"},"finalizeTime":"2026-07-22T16:10:48.058840Z","finalizeUser":{"email":"fypcbre@gmail.com","imageUrl":"https://lh3.googleusercontent.com/a/ACg8ocLiNsqgHdZ6cU9nqCA5tYNFQamRvVsVSYnydv4SYxj2KTD_7g=mo"}},"type":"DEPLOY","releaseTime":"2026-07-22T16:10:48.191Z","releaseUser":{"email":"fypcbre@gmail.com","imageUrl":"https://lh3.googleusercontent.com/a/ACg8ocLiNsqgHdZ6cU9nqCA5tYNFQamRvVsVSYnydv4SYxj2KTD_7g=mo"}}
[info] +  hosting[fireguardcbre]: release complete 
[info] 
[info] +  Deploy complete! 
[info] 
[info] Project Console: https://console.firebase.google.com/project/fireguardcbre/overview
[info] Hosting URL: https://fireguardcbre.web.app
[debug] [2026-07-22T16:17:06.760Z] ----------------------------------------------------------------------
[debug] [2026-07-22T16:17:06.770Z] Command:       C:\Y2 Sem 1\C237 Software Application Development\node.exe C:\Users\24045619\AppData\Local\npm-cache\_npx\ba4f1959e38407b5\node_modules\firebase-tools\lib\bin\firebase.js deploy --only hosting --project fireguardcbre
[debug] [2026-07-22T16:17:06.772Z] CLI Version:   15.24.0
[debug] [2026-07-22T16:17:06.773Z] Platform:      win32
[debug] [2026-07-22T16:17:06.774Z] Node Version:  v24.18.0
[debug] [2026-07-22T16:17:06.775Z] Detected Agent: codex_cli
[debug] [2026-07-22T16:17:06.775Z] Time:          Thu Jul 23 2026 00:17:06 GMT+0800 (Singapore Standard Time)
[debug] [2026-07-22T16:17:06.776Z] ----------------------------------------------------------------------
[debug] 
[debug] [2026-07-22T16:17:11.032Z] > command requires scopes: ["email","openid","https://www.googleapis.com/auth/cloudplatformprojects.readonly","https://www.googleapis.com/auth/firebase","https://www.googleapis.com/auth/cloud-platform"]
[debug] [2026-07-22T16:17:11.033Z] > authorizing via signed-in user (fypcbre@gmail.com)
[debug] [2026-07-22T16:17:11.033Z] [iam] checking project fireguardcbre for permissions ["firebase.projects.get","firebasehosting.sites.update"]
[debug] [2026-07-22T16:17:11.056Z] Checked if tokens are valid: true, expires at: 1784739149257
[debug] [2026-07-22T16:17:11.056Z] Checked if tokens are valid: true, expires at: 1784739149257
[debug] [2026-07-22T16:17:11.059Z] >>> [apiv2][query] POST https://cloudresourcemanager.googleapis.com/v1/projects/fireguardcbre:testIamPermissions [none]
[debug] [2026-07-22T16:17:11.060Z] >>> [apiv2][(partial)header] POST https://cloudresourcemanager.googleapis.com/v1/projects/fireguardcbre:testIamPermissions  x-goog-user-project=fireguardcbre
[debug] [2026-07-22T16:17:11.060Z] >>> [apiv2][body] POST https://cloudresourcemanager.googleapis.com/v1/projects/fireguardcbre:testIamPermissions {"permissions":["firebase.projects.get","firebasehosting.sites.update"]}
[debug] [2026-07-22T16:17:11.484Z] <<< [apiv2][status] POST https://cloudresourcemanager.googleapis.com/v1/projects/fireguardcbre:testIamPermissions 200
[debug] [2026-07-22T16:17:11.484Z] <<< [apiv2][body] POST https://cloudresourcemanager.googleapis.com/v1/projects/fireguardcbre:testIamPermissions {"permissions":["firebase.projects.get","firebasehosting.sites.update"]}
[debug] [2026-07-22T16:17:11.487Z] Checked if tokens are valid: true, expires at: 1784739149257
[debug] [2026-07-22T16:17:11.487Z] Checked if tokens are valid: true, expires at: 1784739149257
[debug] [2026-07-22T16:17:11.487Z] >>> [apiv2][query] GET https://firebase.googleapis.com/v1beta1/projects/fireguardcbre [none]
[debug] [2026-07-22T16:17:11.828Z] <<< [apiv2][status] GET https://firebase.googleapis.com/v1beta1/projects/fireguardcbre 200
[debug] [2026-07-22T16:17:11.828Z] <<< [apiv2][body] GET https://firebase.googleapis.com/v1beta1/projects/fireguardcbre {"projectId":"fireguardcbre","projectNumber":"1090700840165","displayName":"FireGuardCBRE","name":"projects/fireguardcbre","resources":{"hostingSite":"fireguardcbre"},"state":"ACTIVE","labels":{"firebase":"enabled","firebaseworkflows/environment":"production","firebase/storage-default-bucket":"created"},"etag":"1_88f90dfb-e163-416c-8312-cf691d66a473"}
[info] 
[info] === Deploying to 'fireguardcbre'...
[info] 
[info] i  deploying hosting 
[debug] [2026-07-22T16:17:11.834Z] Checked if tokens are valid: true, expires at: 1784739149257
[debug] [2026-07-22T16:17:11.834Z] Checked if tokens are valid: true, expires at: 1784739149257
[debug] [2026-07-22T16:17:11.834Z] >>> [apiv2][query] GET https://firebasehosting.googleapis.com/v1beta1/projects/fireguardcbre/sites/fireguardcbre [none]
[debug] [2026-07-22T16:17:12.850Z] <<< [apiv2][status] GET https://firebasehosting.googleapis.com/v1beta1/projects/fireguardcbre/sites/fireguardcbre 200
[debug] [2026-07-22T16:17:12.850Z] <<< [apiv2][body] GET https://firebasehosting.googleapis.com/v1beta1/projects/fireguardcbre/sites/fireguardcbre {"name":"projects/fireguardcbre/sites/fireguardcbre","defaultUrl":"https://fireguardcbre.web.app","appId":"1:1090700840165:web:aeb03ac28c5d66fc6c180c","type":"DEFAULT_SITE"}
[debug] [2026-07-22T16:17:12.857Z] Checked if tokens are valid: true, expires at: 1784739149257
[debug] [2026-07-22T16:17:12.857Z] Checked if tokens are valid: true, expires at: 1784739149257
[debug] [2026-07-22T16:17:12.860Z] >>> [apiv2][query] POST https://firebasehosting.googleapis.com/v1beta1/projects/-/sites/fireguardcbre/versions [none]
[debug] [2026-07-22T16:17:12.862Z] >>> [apiv2][body] POST https://firebasehosting.googleapis.com/v1beta1/projects/-/sites/fireguardcbre/versions {"status":"CREATED","labels":{"deployment-tool":"cli-firebase"}}
[debug] [2026-07-22T16:17:14.019Z] <<< [apiv2][status] POST https://firebasehosting.googleapis.com/v1beta1/projects/-/sites/fireguardcbre/versions 200
[debug] [2026-07-22T16:17:14.019Z] <<< [apiv2][body] POST https://firebasehosting.googleapis.com/v1beta1/projects/-/sites/fireguardcbre/versions {"name":"projects/1090700840165/sites/fireguardcbre/versions/99352ed0565ae6eb","status":"CREATED","config":{},"labels":{"deployment-tool":"cli-firebase"}}
[info] i  hosting[fireguardcbre]: beginning deploy... 
[info] i  hosting[fireguardcbre]: found 18 files in build 
[debug] [2026-07-22T16:17:14.047Z] [hosting] uploading with 200 concurrency
[debug] [2026-07-22T16:17:14.759Z] Checked if tokens are valid: true, expires at: 1784739149257
[debug] [2026-07-22T16:17:14.760Z] Checked if tokens are valid: true, expires at: 1784739149257
[debug] [2026-07-22T16:17:14.765Z] [hosting] hash cache [YnVpbGQ] stored for 18 files
[debug] [2026-07-22T16:17:14.766Z] [hosting][hash queue][FINAL] {"max":705,"min":3,"avg":51.833333333333336,"active":0,"complete":18,"success":18,"errored":0,"retried":0,"total":18,"elapsed":715}
[debug] [2026-07-22T16:17:14.768Z] >>> [apiv2][query] POST https://firebasehosting.googleapis.com/v1beta1/projects/1090700840165/sites/fireguardcbre/versions/99352ed0565ae6eb:populateFiles [none]
[debug] [2026-07-22T16:17:14.768Z] >>> [apiv2][body] POST https://firebasehosting.googleapis.com/v1beta1/projects/1090700840165/sites/fireguardcbre/versions/99352ed0565ae6eb:populateFiles {"files":{"/robots.txt":"b2090cf9761ef60aa06e4fab97679bd43dfa5e5df073701ead5879d7c68f1ec5","/manifest.json":"583bc705413e233fd29e775b7449d4178c293912035023b98eb9ad92b27ebfb4","/logo512.png":"212b102aa09e51b3b3e06647e81f7801a61333e171f6582e8124379aabccb41d","/logo192.png":"79e2b749561016bc8af300ea19f48347ceed3cb1a54f48ae456172eca45e08f0","/favicon.ico":"27edce7be5922cf0bef7d4136f69b5bfbdd5bf8c13c7b026f71187d41a00aa7d","/docx.iife.js":"47788e7634f1aea2ddb08af7284a10404ec77819c7a2c9d05386f690792b740b","/default-profile-avatar.png":"dfa3ad133614dc6ee811e0fd53b81e47890ae2cd894b81547c7e70c7fa23f891","/default-profile-avatar-4.png":"2f80790beb95b18b19f17b93b906a46cf242f790176b480b63e89fc109c18910","/default-profile-avatar-3.png":"819a8714c9adadb1c31e881033daa58c94cf7df75ecadb0f8ae5e127ef52530b","/default-profile-avatar-2.png":"1c40f3ad016e45fdda69dbb5d4bcfcd0801bd85c0e50c79e38bdf43e4b7591ea","/cbre-logo.svg":"49c3572d871bb22211e4ca0c3237508911511f9ea4570397ade936f9f1e6e6fe","/asset-manifest.json":"946569c72c2303ba4b77daa14841cfaee2fccee41787dbbf45944dcc49da2725","/static/js/main.db092f2a.js.LICENSE.txt":"e5b4ee6309e0c6831bb445205611d5618063e252f531f0bf4c79872af4ee3ff7","/index.html":"4abadd0c48eca44dbe51e3c8e751e43d78342d43e2ab83dcb08693f6c611cebb","/static/css/main.0e2b07d0.css":"bed13d50a35112eb68c6c5b461c79912eb67f44f4a3cb799f9973bbea2d27533","/static/css/main.0e2b07d0.css.map":"b0eedd29a25aded04effedc8940aa67de3534463f1b01119b45d476e796084d3","/static/js/main.db092f2a.js":"92a1d49d6de5d3b119d64d85039f32f800170a9101a12143f9ca9dffb50a823d","/static/js/main.db092f2a.js.map":"799dbba7ffa3c726c3301f0814a1fcc82cd930e13e404949688e67b7c1ca82fb"}}
[debug] [2026-07-22T16:17:15.360Z] <<< [apiv2][status] POST https://firebasehosting.googleapis.com/v1beta1/projects/1090700840165/sites/fireguardcbre/versions/99352ed0565ae6eb:populateFiles 200
[debug] [2026-07-22T16:17:15.362Z] <<< [apiv2][body] POST https://firebasehosting.googleapis.com/v1beta1/projects/1090700840165/sites/fireguardcbre/versions/99352ed0565ae6eb:populateFiles {"uploadRequiredHashes":["4abadd0c48eca44dbe51e3c8e751e43d78342d43e2ab83dcb08693f6c611cebb","946569c72c2303ba4b77daa14841cfaee2fccee41787dbbf45944dcc49da2725","bed13d50a35112eb68c6c5b461c79912eb67f44f4a3cb799f9973bbea2d27533","799dbba7ffa3c726c3301f0814a1fcc82cd930e13e404949688e67b7c1ca82fb","b0eedd29a25aded04effedc8940aa67de3534463f1b01119b45d476e796084d3"],"uploadUrl":"https://upload-firebasehosting.googleapis.com/upload/sites/fireguardcbre/versions/99352ed0565ae6eb/files"}
[debug] [2026-07-22T16:17:15.363Z] Checked if tokens are valid: true, expires at: 1784739149257
[debug] [2026-07-22T16:17:15.363Z] Checked if tokens are valid: true, expires at: 1784739149257
[debug] [2026-07-22T16:17:15.368Z] Checked if tokens are valid: true, expires at: 1784739149257
[debug] [2026-07-22T16:17:15.368Z] Checked if tokens are valid: true, expires at: 1784739149257
[debug] [2026-07-22T16:17:15.368Z] Checked if tokens are valid: true, expires at: 1784739149257
[debug] [2026-07-22T16:17:15.368Z] Checked if tokens are valid: true, expires at: 1784739149257
[debug] [2026-07-22T16:17:15.369Z] Checked if tokens are valid: true, expires at: 1784739149257
[debug] [2026-07-22T16:17:15.369Z] Checked if tokens are valid: true, expires at: 1784739149257
[debug] [2026-07-22T16:17:15.369Z] Checked if tokens are valid: true, expires at: 1784739149257
[debug] [2026-07-22T16:17:15.369Z] Checked if tokens are valid: true, expires at: 1784739149257
[debug] [2026-07-22T16:17:15.370Z] >>> [apiv2][query] POST https://upload-firebasehosting.googleapis.com/upload/sites/fireguardcbre/versions/99352ed0565ae6eb/files/4abadd0c48eca44dbe51e3c8e751e43d78342d43e2ab83dcb08693f6c611cebb [none]
[debug] [2026-07-22T16:17:15.370Z] >>> [apiv2][body] POST https://upload-firebasehosting.googleapis.com/upload/sites/fireguardcbre/versions/99352ed0565ae6eb/files/4abadd0c48eca44dbe51e3c8e751e43d78342d43e2ab83dcb08693f6c611cebb [stream]
[debug] [2026-07-22T16:17:15.372Z] >>> [apiv2][query] POST https://upload-firebasehosting.googleapis.com/upload/sites/fireguardcbre/versions/99352ed0565ae6eb/files/946569c72c2303ba4b77daa14841cfaee2fccee41787dbbf45944dcc49da2725 [none]
[debug] [2026-07-22T16:17:15.373Z] >>> [apiv2][body] POST https://upload-firebasehosting.googleapis.com/upload/sites/fireguardcbre/versions/99352ed0565ae6eb/files/946569c72c2303ba4b77daa14841cfaee2fccee41787dbbf45944dcc49da2725 [stream]
[debug] [2026-07-22T16:17:15.374Z] >>> [apiv2][query] POST https://upload-firebasehosting.googleapis.com/upload/sites/fireguardcbre/versions/99352ed0565ae6eb/files/bed13d50a35112eb68c6c5b461c79912eb67f44f4a3cb799f9973bbea2d27533 [none]
[debug] [2026-07-22T16:17:15.374Z] >>> [apiv2][body] POST https://upload-firebasehosting.googleapis.com/upload/sites/fireguardcbre/versions/99352ed0565ae6eb/files/bed13d50a35112eb68c6c5b461c79912eb67f44f4a3cb799f9973bbea2d27533 [stream]
[debug] [2026-07-22T16:17:15.376Z] >>> [apiv2][query] POST https://upload-firebasehosting.googleapis.com/upload/sites/fireguardcbre/versions/99352ed0565ae6eb/files/799dbba7ffa3c726c3301f0814a1fcc82cd930e13e404949688e67b7c1ca82fb [none]
[debug] [2026-07-22T16:17:15.377Z] >>> [apiv2][body] POST https://upload-firebasehosting.googleapis.com/upload/sites/fireguardcbre/versions/99352ed0565ae6eb/files/799dbba7ffa3c726c3301f0814a1fcc82cd930e13e404949688e67b7c1ca82fb [stream]
[debug] [2026-07-22T16:17:15.379Z] >>> [apiv2][query] POST https://upload-firebasehosting.googleapis.com/upload/sites/fireguardcbre/versions/99352ed0565ae6eb/files/b0eedd29a25aded04effedc8940aa67de3534463f1b01119b45d476e796084d3 [none]
[debug] [2026-07-22T16:17:15.380Z] >>> [apiv2][body] POST https://upload-firebasehosting.googleapis.com/upload/sites/fireguardcbre/versions/99352ed0565ae6eb/files/b0eedd29a25aded04effedc8940aa67de3534463f1b01119b45d476e796084d3 [stream]
[debug] [2026-07-22T16:17:15.398Z] [hosting][populate queue][FINAL] {"max":611,"min":611,"avg":611,"active":0,"complete":1,"success":1,"errored":0,"retried":0,"total":1,"elapsed":639}
[debug] [2026-07-22T16:17:15.399Z] [hosting] uploads queued: 5
[info] i  hosting: uploading new files [0/5] (0%) 
[debug] [2026-07-22T16:17:16.866Z] <<< [apiv2][status] POST https://upload-firebasehosting.googleapis.com/upload/sites/fireguardcbre/versions/99352ed0565ae6eb/files/4abadd0c48eca44dbe51e3c8e751e43d78342d43e2ab83dcb08693f6c611cebb 200
[debug] [2026-07-22T16:17:16.866Z] <<< [apiv2][body] POST https://upload-firebasehosting.googleapis.com/upload/sites/fireguardcbre/versions/99352ed0565ae6eb/files/4abadd0c48eca44dbe51e3c8e751e43d78342d43e2ab83dcb08693f6c611cebb [stream]
[debug] [2026-07-22T16:17:16.872Z] <<< [apiv2][status] POST https://upload-firebasehosting.googleapis.com/upload/sites/fireguardcbre/versions/99352ed0565ae6eb/files/b0eedd29a25aded04effedc8940aa67de3534463f1b01119b45d476e796084d3 200
[debug] [2026-07-22T16:17:16.872Z] <<< [apiv2][body] POST https://upload-firebasehosting.googleapis.com/upload/sites/fireguardcbre/versions/99352ed0565ae6eb/files/b0eedd29a25aded04effedc8940aa67de3534463f1b01119b45d476e796084d3 [stream]
[debug] [2026-07-22T16:17:17.182Z] <<< [apiv2][status] POST https://upload-firebasehosting.googleapis.com/upload/sites/fireguardcbre/versions/99352ed0565ae6eb/files/946569c72c2303ba4b77daa14841cfaee2fccee41787dbbf45944dcc49da2725 200
[debug] [2026-07-22T16:17:17.182Z] <<< [apiv2][body] POST https://upload-firebasehosting.googleapis.com/upload/sites/fireguardcbre/versions/99352ed0565ae6eb/files/946569c72c2303ba4b77daa14841cfaee2fccee41787dbbf45944dcc49da2725 [stream]
[debug] [2026-07-22T16:17:17.224Z] <<< [apiv2][status] POST https://upload-firebasehosting.googleapis.com/upload/sites/fireguardcbre/versions/99352ed0565ae6eb/files/bed13d50a35112eb68c6c5b461c79912eb67f44f4a3cb799f9973bbea2d27533 200
[debug] [2026-07-22T16:17:17.225Z] <<< [apiv2][body] POST https://upload-firebasehosting.googleapis.com/upload/sites/fireguardcbre/versions/99352ed0565ae6eb/files/bed13d50a35112eb68c6c5b461c79912eb67f44f4a3cb799f9973bbea2d27533 [stream]
[debug] [2026-07-22T16:17:18.067Z] <<< [apiv2][status] POST https://upload-firebasehosting.googleapis.com/upload/sites/fireguardcbre/versions/99352ed0565ae6eb/files/799dbba7ffa3c726c3301f0814a1fcc82cd930e13e404949688e67b7c1ca82fb 200
[debug] [2026-07-22T16:17:18.067Z] <<< [apiv2][body] POST https://upload-firebasehosting.googleapis.com/upload/sites/fireguardcbre/versions/99352ed0565ae6eb/files/799dbba7ffa3c726c3301f0814a1fcc82cd930e13e404949688e67b7c1ca82fb [stream]
[debug] [2026-07-22T16:17:18.067Z] [hosting][upload queue][FINAL] {"max":2699,"min":1503,"avg":1876.4,"active":0,"complete":5,"success":5,"errored":0,"retried":0,"total":5,"elapsed":2705}
[info] i  hosting: upload complete 
[info] +  hosting[fireguardcbre]: file upload complete 
[debug] [2026-07-22T16:17:18.067Z] [hosting] deploy completed after 4044ms
[debug] [2026-07-22T16:17:18.067Z] [
  {
    "config": {
      "public": "build",
      "ignore": [
        "firebase.json",
        "**/.*",
        "/node_modules/"
      ],
      "headers": [
        {
          "source": "**",
          "headers": [
            {
              "key": "Cache-Control",
              "value": "no-cache, no-store, must-revalidate"
            }
          ]
        }
      ],
      "rewrites": [
        {
          "source": "**",
          "destination": "/index.html"
        }
      ],
      "site": "fireguardcbre"
    },
    "version": "projects/1090700840165/sites/fireguardcbre/versions/99352ed0565ae6eb"
  }
]
[info] i  hosting[fireguardcbre]: finalizing version... 
[debug] [2026-07-22T16:17:18.072Z] Checked if tokens are valid: true, expires at: 1784739149257
[debug] [2026-07-22T16:17:18.073Z] Checked if tokens are valid: true, expires at: 1784739149257
[debug] [2026-07-22T16:17:18.073Z] >>> [apiv2][query] PATCH https://firebasehosting.googleapis.com/v1beta1/projects/-/sites/fireguardcbre/versions/99352ed0565ae6eb updateMask=status%2Cconfig
[debug] [2026-07-22T16:17:18.073Z] >>> [apiv2][body] PATCH https://firebasehosting.googleapis.com/v1beta1/projects/-/sites/fireguardcbre/versions/99352ed0565ae6eb {"status":"FINALIZED","config":{"rewrites":[{"glob":"**","path":"/index.html"}],"headers":[{"glob":"**","headers":{"Cache-Control":"no-cache, no-store, must-revalidate"}}]}}
[debug] [2026-07-22T16:17:18.742Z] <<< [apiv2][status] PATCH https://firebasehosting.googleapis.com/v1beta1/projects/-/sites/fireguardcbre/versions/99352ed0565ae6eb 200
[debug] [2026-07-22T16:17:18.742Z] <<< [apiv2][body] PATCH https://firebasehosting.googleapis.com/v1beta1/projects/-/sites/fireguardcbre/versions/99352ed0565ae6eb {"name":"projects/1090700840165/sites/fireguardcbre/versions/99352ed0565ae6eb","status":"FINALIZED","config":{"headers":[{"headers":{"Cache-Control":"no-cache, no-store, must-revalidate"},"glob":"**"}],"rewrites":[{"glob":"**","path":"/index.html"}]},"labels":{"deployment-tool":"cli-firebase"},"createTime":"2026-07-22T16:17:13.191820Z","createUser":{"email":"fypcbre@gmail.com"},"finalizeTime":"2026-07-22T16:17:18.554926Z","finalizeUser":{"email":"fypcbre@gmail.com"}}
[debug] [2026-07-22T16:17:18.742Z] [hosting] finalized version for fireguardcbre:[object Object]
[info] +  hosting[fireguardcbre]: version finalized 
[info] i  hosting[fireguardcbre]: releasing new version... 
[debug] [2026-07-22T16:17:18.743Z] Checked if tokens are valid: true, expires at: 1784739149257
[debug] [2026-07-22T16:17:18.743Z] Checked if tokens are valid: true, expires at: 1784739149257
[debug] [2026-07-22T16:17:18.743Z] >>> [apiv2][query] POST https://firebasehosting.googleapis.com/v1beta1/projects/-/sites/fireguardcbre/channels/live/releases versionName=projects%2F1090700840165%2Fsites%2Ffireguardcbre%2Fversions%2F99352ed0565ae6eb
[debug] [2026-07-22T16:17:18.743Z] >>> [apiv2][body] POST https://firebasehosting.googleapis.com/v1beta1/projects/-/sites/fireguardcbre/channels/live/releases {}
[debug] [2026-07-22T16:17:19.564Z] <<< [apiv2][status] POST https://firebasehosting.googleapis.com/v1beta1/projects/-/sites/fireguardcbre/channels/live/releases 200
[debug] [2026-07-22T16:17:19.565Z] <<< [apiv2][body] POST https://firebasehosting.googleapis.com/v1beta1/projects/-/sites/fireguardcbre/channels/live/releases {"name":"projects/1090700840165/sites/fireguardcbre/channels/live/releases/1784737038679000","version":{"name":"projects/1090700840165/sites/fireguardcbre/versions/99352ed0565ae6eb","status":"FINALIZED","config":{"headers":[{"headers":{"Cache-Control":"no-cache, no-store, must-revalidate"},"glob":"**"}],"rewrites":[{"glob":"**","path":"/index.html"}]},"labels":{"deployment-tool":"cli-firebase"},"createTime":"2026-07-22T16:17:13.191820Z","createUser":{"email":"fypcbre@gmail.com","imageUrl":"https://lh3.googleusercontent.com/a/ACg8ocLiNsqgHdZ6cU9nqCA5tYNFQamRvVsVSYnydv4SYxj2KTD_7g=mo"},"finalizeTime":"2026-07-22T16:17:18.554926Z","finalizeUser":{"email":"fypcbre@gmail.com","imageUrl":"https://lh3.googleusercontent.com/a/ACg8ocLiNsqgHdZ6cU9nqCA5tYNFQamRvVsVSYnydv4SYxj2KTD_7g=mo"}},"type":"DEPLOY","releaseTime":"2026-07-22T16:17:18.679Z","releaseUser":{"email":"fypcbre@gmail.com","imageUrl":"https://lh3.googleusercontent.com/a/ACg8ocLiNsqgHdZ6cU9nqCA5tYNFQamRvVsVSYnydv4SYxj2KTD_7g=mo"}}
[debug] [2026-07-22T16:17:19.565Z] [hosting] release: {"name":"projects/1090700840165/sites/fireguardcbre/channels/live/releases/1784737038679000","version":{"name":"projects/1090700840165/sites/fireguardcbre/versions/99352ed0565ae6eb","status":"FINALIZED","config":{"headers":[{"headers":{"Cache-Control":"no-cache, no-store, must-revalidate"},"glob":"**"}],"rewrites":[{"glob":"**","path":"/index.html"}]},"labels":{"deployment-tool":"cli-firebase"},"createTime":"2026-07-22T16:17:13.191820Z","createUser":{"email":"fypcbre@gmail.com","imageUrl":"https://lh3.googleusercontent.com/a/ACg8ocLiNsqgHdZ6cU9nqCA5tYNFQamRvVsVSYnydv4SYxj2KTD_7g=mo"},"finalizeTime":"2026-07-22T16:17:18.554926Z","finalizeUser":{"email":"fypcbre@gmail.com","imageUrl":"https://lh3.googleusercontent.com/a/ACg8ocLiNsqgHdZ6cU9nqCA5tYNFQamRvVsVSYnydv4SYxj2KTD_7g=mo"}},"type":"DEPLOY","releaseTime":"2026-07-22T16:17:18.679Z","releaseUser":{"email":"fypcbre@gmail.com","imageUrl":"https://lh3.googleusercontent.com/a/ACg8ocLiNsqgHdZ6cU9nqCA5tYNFQamRvVsVSYnydv4SYxj2KTD_7g=mo"}}
[info] +  hosting[fireguardcbre]: release complete 
[info] 
[info] +  Deploy complete! 
[info] 
[info] Project Console: https://console.firebase.google.com/project/fireguardcbre/overview
[info] Hosting URL: https://fireguardcbre.web.app
[debug] [2026-07-22T16:19:09.683Z] ----------------------------------------------------------------------
[debug] [2026-07-22T16:19:09.685Z] Command:       C:\Y2 Sem 1\C237 Software Application Development\node.exe C:\Users\24045619\AppData\Local\npm-cache\_npx\ba4f1959e38407b5\node_modules\firebase-tools\lib\bin\firebase.js hosting:channel:list --site fireguardcbre --project fireguardcbre
[debug] [2026-07-22T16:19:09.686Z] CLI Version:   15.24.0
[debug] [2026-07-22T16:19:09.686Z] Platform:      win32
[debug] [2026-07-22T16:19:09.686Z] Node Version:  v24.18.0
[debug] [2026-07-22T16:19:09.686Z] Detected Agent: codex_cli
[debug] [2026-07-22T16:19:09.687Z] Time:          Thu Jul 23 2026 00:19:09 GMT+0800 (Singapore Standard Time)
[debug] [2026-07-22T16:19:09.687Z] ----------------------------------------------------------------------
[debug] 
[debug] [2026-07-22T16:19:09.922Z] > command requires scopes: ["email","openid","https://www.googleapis.com/auth/cloudplatformprojects.readonly","https://www.googleapis.com/auth/firebase","https://www.googleapis.com/auth/cloud-platform"]
[debug] [2026-07-22T16:19:09.922Z] > authorizing via signed-in user (fypcbre@gmail.com)
[debug] [2026-07-22T16:19:09.923Z] [iam] checking project fireguardcbre for permissions ["firebase.projects.get","firebasehosting.sites.update"]
[debug] [2026-07-22T16:19:09.961Z] Checked if tokens are valid: true, expires at: 1784739149257
[debug] [2026-07-22T16:19:09.962Z] Checked if tokens are valid: true, expires at: 1784739149257
[debug] [2026-07-22T16:19:09.966Z] >>> [apiv2][query] POST https://cloudresourcemanager.googleapis.com/v1/projects/fireguardcbre:testIamPermissions [none]
[debug] [2026-07-22T16:19:09.968Z] >>> [apiv2][(partial)header] POST https://cloudresourcemanager.googleapis.com/v1/projects/fireguardcbre:testIamPermissions  x-goog-user-project=fireguardcbre
[debug] [2026-07-22T16:19:09.968Z] >>> [apiv2][body] POST https://cloudresourcemanager.googleapis.com/v1/projects/fireguardcbre:testIamPermissions {"permissions":["firebase.projects.get","firebasehosting.sites.update"]}
[debug] [2026-07-22T16:19:11.246Z] <<< [apiv2][status] POST https://cloudresourcemanager.googleapis.com/v1/projects/fireguardcbre:testIamPermissions 200
[debug] [2026-07-22T16:19:11.246Z] <<< [apiv2][body] POST https://cloudresourcemanager.googleapis.com/v1/projects/fireguardcbre:testIamPermissions {"permissions":["firebase.projects.get","firebasehosting.sites.update"]}
[debug] [2026-07-22T16:19:11.247Z] Checked if tokens are valid: true, expires at: 1784739149257
[debug] [2026-07-22T16:19:11.247Z] Checked if tokens are valid: true, expires at: 1784739149257
[debug] [2026-07-22T16:19:11.248Z] >>> [apiv2][query] GET https://firebasehosting.googleapis.com/v1beta1/projects/fireguardcbre/sites/fireguardcbre/channels pageToken=&pageSize=10
[debug] [2026-07-22T16:19:12.136Z] <<< [apiv2][status] GET https://firebasehosting.googleapis.com/v1beta1/projects/fireguardcbre/sites/fireguardcbre/channels 200
[debug] [2026-07-22T16:19:12.136Z] <<< [apiv2][body] GET https://firebasehosting.googleapis.com/v1beta1/projects/fireguardcbre/sites/fireguardcbre/channels {"channels":[{"name":"projects/fireguardcbre/sites/fireguardcbre/channels/live","url":"https://fireguardcbre.web.app","release":{"name":"projects/fireguardcbre/sites/fireguardcbre/channels/live/releases/1784737068032000","version":{"name":"projects/fireguardcbre/sites/fireguardcbre/versions/51b9ef62d3331147","status":"FINALIZED","config":{"headers":[{"headers":{"Cache-Control":"no-cache, no-store, must-revalidate"},"glob":"**"}],"rewrites":[{"glob":"**","path":"/index.html"}]},"labels":{"deployment-tool":"cli-firebase--action-hosting-deploy"},"createTime":"2026-07-22T16:17:45.089808Z","createUser":{"email":"github-action-1254997987@fireguardcbre.iam.gserviceaccount.com"},"finalizeTime":"2026-07-22T16:17:48.040025Z","finalizeUser":{"email":"github-action-1254997987@fireguardcbre.iam.gserviceaccount.com"},"fileCount":"20","versionBytes":"9588096"},"type":"DEPLOY","releaseTime":"2026-07-22T16:17:48.032Z","releaseUser":{"email":"github-action-1254997987@fireguardcbre.iam.gserviceaccount.com"}},"createTime":"2026-05-25T14:35:17.896280227Z","updateTime":"2026-07-22T16:17:48.032Z","retainedReleaseCount":2147483647}]}
[info] 
[info] Channels for site fireguardcbre
[info] 
[info] ┌────────────┬─────────────────────┬───────────────────────────────┬─────────────┐
│ Channel ID │ Last Release Time   │ URL                           │ Expire Time │
├────────────┼─────────────────────┼───────────────────────────────┼─────────────┤
│ live       │ 2026-07-23 00:17:48 │ https://fireguardcbre.web.app │ never       │
└────────────┴─────────────────────┴───────────────────────────────┴─────────────┘
[debug] [2026-07-22T16:19:31.182Z] ----------------------------------------------------------------------
[debug] [2026-07-22T16:19:31.185Z] Command:       C:\Y2 Sem 1\C237 Software Application Development\node.exe C:\Users\24045619\AppData\Local\npm-cache\_npx\ba4f1959e38407b5\node_modules\firebase-tools\lib\bin\firebase.js deploy --only hosting --project fireguardcbre
[debug] [2026-07-22T16:19:31.185Z] CLI Version:   15.24.0
[debug] [2026-07-22T16:19:31.185Z] Platform:      win32
[debug] [2026-07-22T16:19:31.186Z] Node Version:  v24.18.0
[debug] [2026-07-22T16:19:31.186Z] Detected Agent: codex_cli
[debug] [2026-07-22T16:19:31.186Z] Time:          Thu Jul 23 2026 00:19:31 GMT+0800 (Singapore Standard Time)
[debug] [2026-07-22T16:19:31.186Z] ----------------------------------------------------------------------
[debug] 
[debug] [2026-07-22T16:19:34.292Z] > command requires scopes: ["email","openid","https://www.googleapis.com/auth/cloudplatformprojects.readonly","https://www.googleapis.com/auth/firebase","https://www.googleapis.com/auth/cloud-platform"]
[debug] [2026-07-22T16:19:34.293Z] > authorizing via signed-in user (fypcbre@gmail.com)
[debug] [2026-07-22T16:19:34.293Z] [iam] checking project fireguardcbre for permissions ["firebase.projects.get","firebasehosting.sites.update"]
[debug] [2026-07-22T16:19:34.306Z] Checked if tokens are valid: true, expires at: 1784739149257
[debug] [2026-07-22T16:19:34.306Z] Checked if tokens are valid: true, expires at: 1784739149257
[debug] [2026-07-22T16:19:34.309Z] >>> [apiv2][query] POST https://cloudresourcemanager.googleapis.com/v1/projects/fireguardcbre:testIamPermissions [none]
[debug] [2026-07-22T16:19:34.309Z] >>> [apiv2][(partial)header] POST https://cloudresourcemanager.googleapis.com/v1/projects/fireguardcbre:testIamPermissions  x-goog-user-project=fireguardcbre
[debug] [2026-07-22T16:19:34.309Z] >>> [apiv2][body] POST https://cloudresourcemanager.googleapis.com/v1/projects/fireguardcbre:testIamPermissions {"permissions":["firebase.projects.get","firebasehosting.sites.update"]}
[debug] [2026-07-22T16:19:35.514Z] <<< [apiv2][status] POST https://cloudresourcemanager.googleapis.com/v1/projects/fireguardcbre:testIamPermissions 200
[debug] [2026-07-22T16:19:35.514Z] <<< [apiv2][body] POST https://cloudresourcemanager.googleapis.com/v1/projects/fireguardcbre:testIamPermissions {"permissions":["firebase.projects.get","firebasehosting.sites.update"]}
[debug] [2026-07-22T16:19:35.515Z] Checked if tokens are valid: true, expires at: 1784739149257
[debug] [2026-07-22T16:19:35.515Z] Checked if tokens are valid: true, expires at: 1784739149257
[debug] [2026-07-22T16:19:35.515Z] >>> [apiv2][query] GET https://firebase.googleapis.com/v1beta1/projects/fireguardcbre [none]
[debug] [2026-07-22T16:19:35.839Z] <<< [apiv2][status] GET https://firebase.googleapis.com/v1beta1/projects/fireguardcbre 200
[debug] [2026-07-22T16:19:35.839Z] <<< [apiv2][body] GET https://firebase.googleapis.com/v1beta1/projects/fireguardcbre {"projectId":"fireguardcbre","projectNumber":"1090700840165","displayName":"FireGuardCBRE","name":"projects/fireguardcbre","resources":{"hostingSite":"fireguardcbre"},"state":"ACTIVE","labels":{"firebase":"enabled","firebaseworkflows/environment":"production","firebase/storage-default-bucket":"created"},"etag":"1_88f90dfb-e163-416c-8312-cf691d66a473"}
[info] 
[info] === Deploying to 'fireguardcbre'...
[info] 
[info] i  deploying hosting 
[debug] [2026-07-22T16:19:35.844Z] Checked if tokens are valid: true, expires at: 1784739149257
[debug] [2026-07-22T16:19:35.844Z] Checked if tokens are valid: true, expires at: 1784739149257
[debug] [2026-07-22T16:19:35.844Z] >>> [apiv2][query] GET https://firebasehosting.googleapis.com/v1beta1/projects/fireguardcbre/sites/fireguardcbre [none]
[debug] [2026-07-22T16:19:36.679Z] <<< [apiv2][status] GET https://firebasehosting.googleapis.com/v1beta1/projects/fireguardcbre/sites/fireguardcbre 200
[debug] [2026-07-22T16:19:36.679Z] <<< [apiv2][body] GET https://firebasehosting.googleapis.com/v1beta1/projects/fireguardcbre/sites/fireguardcbre {"name":"projects/fireguardcbre/sites/fireguardcbre","defaultUrl":"https://fireguardcbre.web.app","appId":"1:1090700840165:web:aeb03ac28c5d66fc6c180c","type":"DEFAULT_SITE"}
[debug] [2026-07-22T16:19:36.682Z] Checked if tokens are valid: true, expires at: 1784739149257
[debug] [2026-07-22T16:19:36.682Z] Checked if tokens are valid: true, expires at: 1784739149257
[debug] [2026-07-22T16:19:36.683Z] >>> [apiv2][query] POST https://firebasehosting.googleapis.com/v1beta1/projects/-/sites/fireguardcbre/versions [none]
[debug] [2026-07-22T16:19:36.684Z] >>> [apiv2][body] POST https://firebasehosting.googleapis.com/v1beta1/projects/-/sites/fireguardcbre/versions {"status":"CREATED","labels":{"deployment-tool":"cli-firebase"}}
[debug] [2026-07-22T16:19:37.963Z] <<< [apiv2][status] POST https://firebasehosting.googleapis.com/v1beta1/projects/-/sites/fireguardcbre/versions 200
[debug] [2026-07-22T16:19:37.963Z] <<< [apiv2][body] POST https://firebasehosting.googleapis.com/v1beta1/projects/-/sites/fireguardcbre/versions {"name":"projects/1090700840165/sites/fireguardcbre/versions/bf748cb9692f33de","status":"CREATED","config":{},"labels":{"deployment-tool":"cli-firebase"}}
[info] i  hosting[fireguardcbre]: beginning deploy... 
[info] i  hosting[fireguardcbre]: found 18 files in build 
[debug] [2026-07-22T16:19:37.976Z] [hosting] uploading with 200 concurrency
[debug] [2026-07-22T16:19:37.980Z] Checked if tokens are valid: true, expires at: 1784739149257
[debug] [2026-07-22T16:19:37.980Z] Checked if tokens are valid: true, expires at: 1784739149257
[debug] [2026-07-22T16:19:37.982Z] [hosting] hash cache [YnVpbGQ] stored for 18 files
[debug] [2026-07-22T16:19:37.983Z] [hosting][hash queue][FINAL] {"max":2,"min":0,"avg":0,"active":0,"complete":18,"success":18,"errored":0,"retried":0,"total":18,"elapsed":5}
[debug] [2026-07-22T16:19:37.983Z] >>> [apiv2][query] POST https://firebasehosting.googleapis.com/v1beta1/projects/1090700840165/sites/fireguardcbre/versions/bf748cb9692f33de:populateFiles [none]
[debug] [2026-07-22T16:19:37.983Z] >>> [apiv2][body] POST https://firebasehosting.googleapis.com/v1beta1/projects/1090700840165/sites/fireguardcbre/versions/bf748cb9692f33de:populateFiles {"files":{"/robots.txt":"b2090cf9761ef60aa06e4fab97679bd43dfa5e5df073701ead5879d7c68f1ec5","/manifest.json":"583bc705413e233fd29e775b7449d4178c293912035023b98eb9ad92b27ebfb4","/logo512.png":"212b102aa09e51b3b3e06647e81f7801a61333e171f6582e8124379aabccb41d","/logo192.png":"79e2b749561016bc8af300ea19f48347ceed3cb1a54f48ae456172eca45e08f0","/index.html":"4abadd0c48eca44dbe51e3c8e751e43d78342d43e2ab83dcb08693f6c611cebb","/favicon.ico":"27edce7be5922cf0bef7d4136f69b5bfbdd5bf8c13c7b026f71187d41a00aa7d","/docx.iife.js":"47788e7634f1aea2ddb08af7284a10404ec77819c7a2c9d05386f690792b740b","/default-profile-avatar.png":"dfa3ad133614dc6ee811e0fd53b81e47890ae2cd894b81547c7e70c7fa23f891","/default-profile-avatar-4.png":"2f80790beb95b18b19f17b93b906a46cf242f790176b480b63e89fc109c18910","/default-profile-avatar-3.png":"819a8714c9adadb1c31e881033daa58c94cf7df75ecadb0f8ae5e127ef52530b","/default-profile-avatar-2.png":"1c40f3ad016e45fdda69dbb5d4bcfcd0801bd85c0e50c79e38bdf43e4b7591ea","/cbre-logo.svg":"49c3572d871bb22211e4ca0c3237508911511f9ea4570397ade936f9f1e6e6fe","/asset-manifest.json":"946569c72c2303ba4b77daa14841cfaee2fccee41787dbbf45944dcc49da2725","/static/js/main.db092f2a.js.map":"799dbba7ffa3c726c3301f0814a1fcc82cd930e13e404949688e67b7c1ca82fb","/static/js/main.db092f2a.js.LICENSE.txt":"e5b4ee6309e0c6831bb445205611d5618063e252f531f0bf4c79872af4ee3ff7","/static/js/main.db092f2a.js":"92a1d49d6de5d3b119d64d85039f32f800170a9101a12143f9ca9dffb50a823d","/static/css/main.0e2b07d0.css.map":"b0eedd29a25aded04effedc8940aa67de3534463f1b01119b45d476e796084d3","/static/css/main.0e2b07d0.css":"bed13d50a35112eb68c6c5b461c79912eb67f44f4a3cb799f9973bbea2d27533"}}
[debug] [2026-07-22T16:19:38.757Z] <<< [apiv2][status] POST https://firebasehosting.googleapis.com/v1beta1/projects/1090700840165/sites/fireguardcbre/versions/bf748cb9692f33de:populateFiles 200
[debug] [2026-07-22T16:19:38.757Z] <<< [apiv2][body] POST https://firebasehosting.googleapis.com/v1beta1/projects/1090700840165/sites/fireguardcbre/versions/bf748cb9692f33de:populateFiles {"uploadUrl":"https://upload-firebasehosting.googleapis.com/upload/sites/fireguardcbre/versions/bf748cb9692f33de/files"}
[debug] [2026-07-22T16:19:38.758Z] [hosting][populate queue][FINAL] {"max":777,"min":777,"avg":777,"active":0,"complete":1,"success":1,"errored":0,"retried":0,"total":1,"elapsed":778}
[debug] [2026-07-22T16:19:38.758Z] [hosting] uploads queued: 0
[debug] [2026-07-22T16:19:38.758Z] [hosting][upload queue][FINAL] {"max":0,"min":9999999999,"avg":0,"active":0,"complete":0,"success":0,"errored":0,"retried":0,"total":0,"elapsed":1784737178758}
[info] i  hosting: upload complete 
[info] +  hosting[fireguardcbre]: file upload complete 
[debug] [2026-07-22T16:19:38.759Z] [hosting] deploy completed after 794ms
[debug] [2026-07-22T16:19:38.760Z] [
  {
    "config": {
      "public": "build",
      "ignore": [
        "firebase.json",
        "**/.*",
        "/node_modules/"
      ],
      "headers": [
        {
          "source": "**",
          "headers": [
            {
              "key": "Cache-Control",
              "value": "no-cache, no-store, must-revalidate"
            }
          ]
        }
      ],
      "rewrites": [
        {
          "source": "**",
          "destination": "/index.html"
        }
      ],
      "site": "fireguardcbre"
    },
    "version": "projects/1090700840165/sites/fireguardcbre/versions/bf748cb9692f33de"
  }
]
[info] i  hosting[fireguardcbre]: finalizing version... 
[debug] [2026-07-22T16:19:38.763Z] Checked if tokens are valid: true, expires at: 1784739149257
[debug] [2026-07-22T16:19:38.763Z] Checked if tokens are valid: true, expires at: 1784739149257
[debug] [2026-07-22T16:19:38.764Z] >>> [apiv2][query] PATCH https://firebasehosting.googleapis.com/v1beta1/projects/-/sites/fireguardcbre/versions/bf748cb9692f33de updateMask=status%2Cconfig
[debug] [2026-07-22T16:19:38.764Z] >>> [apiv2][body] PATCH https://firebasehosting.googleapis.com/v1beta1/projects/-/sites/fireguardcbre/versions/bf748cb9692f33de {"status":"FINALIZED","config":{"rewrites":[{"glob":"**","path":"/index.html"}],"headers":[{"glob":"**","headers":{"Cache-Control":"no-cache, no-store, must-revalidate"}}]}}
[debug] [2026-07-22T16:19:39.567Z] <<< [apiv2][status] PATCH https://firebasehosting.googleapis.com/v1beta1/projects/-/sites/fireguardcbre/versions/bf748cb9692f33de 200
[debug] [2026-07-22T16:19:39.568Z] <<< [apiv2][body] PATCH https://firebasehosting.googleapis.com/v1beta1/projects/-/sites/fireguardcbre/versions/bf748cb9692f33de {"name":"projects/1090700840165/sites/fireguardcbre/versions/bf748cb9692f33de","status":"FINALIZED","config":{"headers":[{"headers":{"Cache-Control":"no-cache, no-store, must-revalidate"},"glob":"**"}],"rewrites":[{"glob":"**","path":"/index.html"}]},"labels":{"deployment-tool":"cli-firebase"},"createTime":"2026-07-22T16:19:37.015572Z","createUser":{"email":"fypcbre@gmail.com"},"finalizeTime":"2026-07-22T16:19:39.363662Z","finalizeUser":{"email":"fypcbre@gmail.com"}}
[debug] [2026-07-22T16:19:39.568Z] [hosting] finalized version for fireguardcbre:[object Object]
[info] +  hosting[fireguardcbre]: version finalized 
[info] i  hosting[fireguardcbre]: releasing new version... 
[debug] [2026-07-22T16:19:39.569Z] Checked if tokens are valid: true, expires at: 1784739149257
[debug] [2026-07-22T16:19:39.569Z] Checked if tokens are valid: true, expires at: 1784739149257
[debug] [2026-07-22T16:19:39.569Z] >>> [apiv2][query] POST https://firebasehosting.googleapis.com/v1beta1/projects/-/sites/fireguardcbre/channels/live/releases versionName=projects%2F1090700840165%2Fsites%2Ffireguardcbre%2Fversions%2Fbf748cb9692f33de
[debug] [2026-07-22T16:19:39.570Z] >>> [apiv2][body] POST https://firebasehosting.googleapis.com/v1beta1/projects/-/sites/fireguardcbre/channels/live/releases {}
[debug] [2026-07-22T16:19:40.373Z] <<< [apiv2][status] POST https://firebasehosting.googleapis.com/v1beta1/projects/-/sites/fireguardcbre/channels/live/releases 200
[debug] [2026-07-22T16:19:40.373Z] <<< [apiv2][body] POST https://firebasehosting.googleapis.com/v1beta1/projects/-/sites/fireguardcbre/channels/live/releases {"name":"projects/1090700840165/sites/fireguardcbre/channels/live/releases/1784737179484000","version":{"name":"projects/1090700840165/sites/fireguardcbre/versions/bf748cb9692f33de","status":"FINALIZED","config":{"headers":[{"headers":{"Cache-Control":"no-cache, no-store, must-revalidate"},"glob":"**"}],"rewrites":[{"glob":"**","path":"/index.html"}]},"labels":{"deployment-tool":"cli-firebase"},"createTime":"2026-07-22T16:19:37.015572Z","createUser":{"email":"fypcbre@gmail.com","imageUrl":"https://lh3.googleusercontent.com/a/ACg8ocLiNsqgHdZ6cU9nqCA5tYNFQamRvVsVSYnydv4SYxj2KTD_7g=mo"},"finalizeTime":"2026-07-22T16:19:39.363662Z","finalizeUser":{"email":"fypcbre@gmail.com","imageUrl":"https://lh3.googleusercontent.com/a/ACg8ocLiNsqgHdZ6cU9nqCA5tYNFQamRvVsVSYnydv4SYxj2KTD_7g=mo"}},"type":"DEPLOY","releaseTime":"2026-07-22T16:19:39.484Z","releaseUser":{"email":"fypcbre@gmail.com","imageUrl":"https://lh3.googleusercontent.com/a/ACg8ocLiNsqgHdZ6cU9nqCA5tYNFQamRvVsVSYnydv4SYxj2KTD_7g=mo"}}
[debug] [2026-07-22T16:19:40.374Z] [hosting] release: {"name":"projects/1090700840165/sites/fireguardcbre/channels/live/releases/1784737179484000","version":{"name":"projects/1090700840165/sites/fireguardcbre/versions/bf748cb9692f33de","status":"FINALIZED","config":{"headers":[{"headers":{"Cache-Control":"no-cache, no-store, must-revalidate"},"glob":"**"}],"rewrites":[{"glob":"**","path":"/index.html"}]},"labels":{"deployment-tool":"cli-firebase"},"createTime":"2026-07-22T16:19:37.015572Z","createUser":{"email":"fypcbre@gmail.com","imageUrl":"https://lh3.googleusercontent.com/a/ACg8ocLiNsqgHdZ6cU9nqCA5tYNFQamRvVsVSYnydv4SYxj2KTD_7g=mo"},"finalizeTime":"2026-07-22T16:19:39.363662Z","finalizeUser":{"email":"fypcbre@gmail.com","imageUrl":"https://lh3.googleusercontent.com/a/ACg8ocLiNsqgHdZ6cU9nqCA5tYNFQamRvVsVSYnydv4SYxj2KTD_7g=mo"}},"type":"DEPLOY","releaseTime":"2026-07-22T16:19:39.484Z","releaseUser":{"email":"fypcbre@gmail.com","imageUrl":"https://lh3.googleusercontent.com/a/ACg8ocLiNsqgHdZ6cU9nqCA5tYNFQamRvVsVSYnydv4SYxj2KTD_7g=mo"}}
[info] +  hosting[fireguardcbre]: release complete 
[info] 
[info] +  Deploy complete! 
[info] 
[info] Project Console: https://console.firebase.google.com/project/fireguardcbre/overview
[info] Hosting URL: https://fireguardcbre.web.app
